<?xml version="1.0" encoding="UTF-8" standalone="yes"?><!DOCTYPE report PUBLIC "-//JACOCO//DTD Report 1.0//EN" "report.dtd"><report name="com.capitalone.dashboard:jira-feature-collector"><sessioninfo id="irving-afb43b01" start="1530632532872" dump="1530632535472"/><package name="com/capitalone/dashboard/client"><class name="com/capitalone/dashboard/client/JiraRestClientSupplier"><method name="&lt;init&gt;" desc="()V" line="36"><counter type="INSTRUCTION" missed="3" covered="0"/><counter type="LINE" missed="1" covered="0"/><counter type="COMPLEXITY" missed="1" covered="0"/><counter type="METHOD" missed="1" covered="0"/></method><method name="get" desc="()Lcom/atlassian/jira/rest/client/api/JiraRestClient;" line="44"><counter type="INSTRUCTION" missed="102" covered="0"/><counter type="BRANCH" missed="6" covered="0"/><counter type="LINE" missed="23" covered="0"/><counter type="COMPLEXITY" missed="4" covered="0"/><counter type="METHOD" missed="1" covered="0"/></method><method name="decodeCredentials" desc="(Ljava/lang/String;)Ljava/util/Map;" line="94"><counter type="INSTRUCTION" missed="40" covered="0"/><counter type="BRANCH" missed="6" covered="0"/><counter type="LINE" missed="9" covered="0"/><counter type="COMPLEXITY" missed="4" covered="0"/><counter type="METHOD" missed="1" covered="0"/></method><method name="createJiraConnection" desc="(Ljava/lang/String;Ljava/lang/String;Ljava/lang/String;Ljava/lang/String;)Ljava/net/URI;" line="130"><counter type="INSTRUCTION" missed="123" covered="0"/><counter type="BRANCH" missed="8" covered="0"/><counter type="LINE" missed="31" covered="0"/><counter type="COMPLEXITY" missed="5" covered="0"/><counter type="METHOD" missed="1" covered="0"/></method><method name="&lt;clinit&gt;" desc="()V" line="37"><counter type="INSTRUCTION" missed="4" covered="0"/><counter type="LINE" missed="1" covered="0"/><counter type="COMPLEXITY" missed="1" covered="0"/><counter type="METHOD" missed="1" covered="0"/></method><counter type="INSTRUCTION" missed="272" covered="0"/><counter type="BRANCH" missed="20" covered="0"/><counter type="LINE" missed="65" covered="0"/><counter type="COMPLEXITY" missed="15" covered="0"/><counter type="METHOD" missed="5" covered="0"/><counter type="CLASS" missed="1" covered="0"/></class><class name="com/capitalone/dashboard/client/DefaultJiraClient$1"><method name="&lt;init&gt;" desc="(Lcom/capitalone/dashboard/client/DefaultJiraClient;Ljava/lang/String;Ljava/lang/String;)V" line="181"><counter type="INSTRUCTION" missed="12" covered="0"/><counter type="LINE" missed="1" covered="0"/><counter type="COMPLEXITY" missed="1" covered="0"/><counter type="METHOD" missed="1" covered="0"/></method><method name="getPasswordAuthentication" desc="()Ljava/net/PasswordAuthentication;" line="183"><counter type="INSTRUCTION" missed="9" covered="0"/><counter type="LINE" missed="1" covered="0"/><counter type="COMPLEXITY" missed="1" covered="0"/><counter type="METHOD" missed="1" covered="0"/></method><counter type="INSTRUCTION" missed="21" covered="0"/><counter type="LINE" missed="2" covered="0"/><counter type="COMPLEXITY" missed="2" covered="0"/><counter type="METHOD" missed="2" covered="0"/><counter type="CLASS" missed="1" covered="0"/></class><class name="com/capitalone/dashboard/client/DefaultJiraClient$2"><method name="&lt;init&gt;" desc="(Lcom/capitalone/dashboard/client/DefaultJiraClient;Ljava/lang/String;Ljava/lang/String;)V" line="269"><counter type="INSTRUCTION" missed="12" covered="0"/><counter type="LINE" missed="1" covered="0"/><counter type="COMPLEXITY" missed="1" covered="0"/><counter type="METHOD" missed="1" covered="0"/></method><method name="getPasswordAuthentication" desc="()Ljava/net/PasswordAuthentication;" line="271"><counter type="INSTRUCTION" missed="9" covered="0"/><counter type="LINE" missed="1" covered="0"/><counter type="COMPLEXITY" missed="1" covered="0"/><counter type="METHOD" missed="1" covered="0"/></method><counter type="INSTRUCTION" missed="21" covered="0"/><counter type="LINE" missed="2" covered="0"/><counter type="COMPLEXITY" missed="2" covered="0"/><counter type="METHOD" missed="2" covered="0"/><counter type="CLASS" missed="1" covered="0"/></class><class name="com/capitalone/dashboard/client/DefaultJiraClient$3"><method name="&lt;init&gt;" desc="(Lcom/capitalone/dashboard/client/DefaultJiraClient;Ljava/lang/String;Ljava/lang/String;)V" line="427"><counter type="INSTRUCTION" missed="12" covered="0"/><counter type="LINE" missed="1" covered="0"/><counter type="COMPLEXITY" missed="1" covered="0"/><counter type="METHOD" missed="1" covered="0"/></method><method name="getPasswordAuthentication" desc="()Ljava/net/PasswordAuthentication;" line="429"><counter type="INSTRUCTION" missed="9" covered="0"/><counter type="LINE" missed="1" covered="0"/><counter type="COMPLEXITY" missed="1" covered="0"/><counter type="METHOD" missed="1" covered="0"/></method><counter type="INSTRUCTION" missed="21" covered="0"/><counter type="LINE" missed="2" covered="0"/><counter type="COMPLEXITY" missed="2" covered="0"/><counter type="METHOD" missed="2" covered="0"/><counter type="CLASS" missed="1" covered="0"/></class><class name="com/capitalone/dashboard/client/DefaultJiraClient"><method name="&lt;init&gt;" desc="(Lcom/capitalone/dashboard/util/FeatureSettings;Lcom/capitalone/dashboard/util/FeatureWidgetQueries;Lcom/capitalone/dashboard/client/JiraRestClientSupplier;)V" line="67"><counter type="INSTRUCTION" missed="19" covered="0"/><counter type="LINE" missed="6" covered="0"/><counter type="COMPLEXITY" missed="1" covered="0"/><counter type="METHOD" missed="1" covered="0"/></method><method name="getIssues" desc="(JI)Ljava/util/List;" line="88"><counter type="INSTRUCTION" missed="124" covered="0"/><counter type="BRANCH" missed="10" covered="0"/><counter type="LINE" missed="22" covered="0"/><counter type="COMPLEXITY" missed="6" covered="0"/><counter type="METHOD" missed="1" covered="0"/></method><method name="getProjects" desc="()Ljava/util/List;" line="131"><counter type="INSTRUCTION" missed="59" covered="0"/><counter type="BRANCH" missed="8" covered="0"/><counter type="LINE" missed="14" covered="0"/><counter type="COMPLEXITY" missed="5" covered="0"/><counter type="METHOD" missed="1" covered="0"/></method><method name="getBoards" desc="(ILjava/util/List;)Ljava/util/List;" line="159"><counter type="INSTRUCTION" missed="403" covered="0"/><counter type="BRANCH" missed="38" covered="0"/><counter type="LINE" missed="58" covered="0"/><counter type="COMPLEXITY" missed="20" covered="0"/><counter type="METHOD" missed="1" covered="0"/></method><method name="getTeams" desc="()Ljava/util/List;" line="246"><counter type="INSTRUCTION" missed="360" covered="0"/><counter type="BRANCH" missed="36" covered="0"/><counter type="LINE" missed="51" covered="0"/><counter type="COMPLEXITY" missed="19" covered="0"/><counter type="METHOD" missed="1" covered="0"/></method><method name="getJSONString" desc="(Lorg/json/simple/JSONObject;Ljava/lang/String;)Ljava/lang/String;" line="322"><counter type="INSTRUCTION" missed="5" covered="0"/><counter type="LINE" missed="1" covered="0"/><counter type="COMPLEXITY" missed="1" covered="0"/><counter type="METHOD" missed="1" covered="0"/></method><method name="getEpic" desc="(Ljava/lang/String;)Lcom/atlassian/jira/rest/client/api/domain/Issue;" line="327"><counter type="INSTRUCTION" missed="84" covered="0"/><counter type="BRANCH" missed="10" covered="0"/><counter type="LINE" missed="17" covered="0"/><counter type="COMPLEXITY" missed="6" covered="0"/><counter type="METHOD" missed="1" covered="0"/></method><method name="getEpics" desc="(Ljava/util/List;)Ljava/util/List;" line="363"><counter type="INSTRUCTION" missed="95" covered="0"/><counter type="BRANCH" missed="10" covered="0"/><counter type="LINE" missed="20" covered="0"/><counter type="COMPLEXITY" missed="6" covered="0"/><counter type="METHOD" missed="1" covered="0"/></method><method name="getPageSize" desc="()I" line="402"><counter type="INSTRUCTION" missed="4" covered="0"/><counter type="LINE" missed="1" covered="0"/><counter type="COMPLEXITY" missed="1" covered="0"/><counter type="METHOD" missed="1" covered="0"/></method><method name="getStatusMapping" desc="()Ljava/util/Map;" line="408"><counter type="INSTRUCTION" missed="304" covered="0"/><counter type="BRANCH" missed="22" covered="0"/><counter type="LINE" missed="55" covered="0"/><counter type="COMPLEXITY" missed="12" covered="0"/><counter type="METHOD" missed="1" covered="0"/></method><method name="&lt;clinit&gt;" desc="()V" line="61"><counter type="INSTRUCTION" missed="14" covered="0"/><counter type="LINE" missed="5" covered="0"/><counter type="COMPLEXITY" missed="1" covered="0"/><counter type="METHOD" missed="1" covered="0"/></method><counter type="INSTRUCTION" missed="1471" covered="0"/><counter type="BRANCH" missed="134" covered="0"/><counter type="LINE" missed="250" covered="0"/><counter type="COMPLEXITY" missed="78" covered="0"/><counter type="METHOD" missed="11" covered="0"/><counter type="CLASS" missed="1" covered="0"/></class><class name="com/capitalone/dashboard/client/Sprint"><method name="&lt;init&gt;" desc="()V" line="10"><counter type="INSTRUCTION" missed="0" covered="3"/><counter type="LINE" missed="0" covered="1"/><counter type="COMPLEXITY" missed="0" covered="1"/><counter type="METHOD" missed="0" covered="1"/></method><method name="getId" desc="()Ljava/lang/Long;" line="23"><counter type="INSTRUCTION" missed="0" covered="3"/><counter type="LINE" missed="0" covered="1"/><counter type="COMPLEXITY" missed="0" covered="1"/><counter type="METHOD" missed="0" covered="1"/></method><method name="setId" desc="(Ljava/lang/Long;)V" line="29"><counter type="INSTRUCTION" missed="0" covered="4"/><counter type="LINE" missed="0" covered="2"/><counter type="COMPLEXITY" missed="0" covered="1"/><counter type="METHOD" missed="0" covered="1"/></method><method name="getRapidViewId" desc="()Ljava/lang/Long;" line="35"><counter type="INSTRUCTION" missed="0" covered="3"/><counter type="LINE" missed="0" covered="1"/><counter type="COMPLEXITY" missed="0" covered="1"/><counter type="METHOD" missed="0" covered="1"/></method><method name="setRapidViewId" desc="(Ljava/lang/Long;)V" line="41"><counter type="INSTRUCTION" missed="0" covered="4"/><counter type="LINE" missed="0" covered="2"/><counter type="COMPLEXITY" missed="0" covered="1"/><counter type="METHOD" missed="0" covered="1"/></method><method name="getState" desc="()Ljava/lang/String;" line="47"><counter type="INSTRUCTION" missed="0" covered="3"/><counter type="LINE" missed="0" covered="1"/><counter type="COMPLEXITY" missed="0" covered="1"/><counter type="METHOD" missed="0" covered="1"/></method><method name="setState" desc="(Ljava/lang/String;)V" line="53"><counter type="INSTRUCTION" missed="0" covered="4"/><counter type="LINE" missed="0" covered="2"/><counter type="COMPLEXITY" missed="0" covered="1"/><counter type="METHOD" missed="0" covered="1"/></method><method name="getName" desc="()Ljava/lang/String;" line="59"><counter type="INSTRUCTION" missed="0" covered="3"/><counter type="LINE" missed="0" covered="1"/><counter type="COMPLEXITY" missed="0" covered="1"/><counter type="METHOD" missed="0" covered="1"/></method><method name="setName" desc="(Ljava/lang/String;)V" line="65"><counter type="INSTRUCTION" missed="0" covered="4"/><counter type="LINE" missed="0" covered="2"/><counter type="COMPLEXITY" missed="0" covered="1"/><counter type="METHOD" missed="0" covered="1"/></method><method name="getSequence" desc="()I" line="71"><counter type="INSTRUCTION" missed="0" covered="3"/><counter type="LINE" missed="0" covered="1"/><counter type="COMPLEXITY" missed="0" covered="1"/><counter type="METHOD" missed="0" covered="1"/></method><method name="setSequence" desc="(I)V" line="77"><counter type="INSTRUCTION" missed="0" covered="4"/><counter type="LINE" missed="0" covered="2"/><counter type="COMPLEXITY" missed="0" covered="1"/><counter type="METHOD" missed="0" covered="1"/></method><method name="getStartDateStr" desc="()Ljava/lang/String;" line="83"><counter type="INSTRUCTION" missed="0" covered="3"/><counter type="LINE" missed="0" covered="1"/><counter type="COMPLEXITY" missed="0" covered="1"/><counter type="METHOD" missed="0" covered="1"/></method><method name="setStartDateStr" desc="(Ljava/lang/String;)V" line="89"><counter type="INSTRUCTION" missed="0" covered="4"/><counter type="LINE" missed="0" covered="2"/><counter type="COMPLEXITY" missed="0" covered="1"/><counter type="METHOD" missed="0" covered="1"/></method><method name="getEndDateStr" desc="()Ljava/lang/String;" line="95"><counter type="INSTRUCTION" missed="0" covered="3"/><counter type="LINE" missed="0" covered="1"/><counter type="COMPLEXITY" missed="0" covered="1"/><counter type="METHOD" missed="0" covered="1"/></method><method name="setEndDateStr" desc="(Ljava/lang/String;)V" line="101"><counter type="INSTRUCTION" missed="0" covered="4"/><counter type="LINE" missed="0" covered="2"/><counter type="COMPLEXITY" missed="0" covered="1"/><counter type="METHOD" missed="0" covered="1"/></method><method name="getCompleteDateStr" desc="()Ljava/lang/String;" line="107"><counter type="INSTRUCTION" missed="0" covered="3"/><counter type="LINE" missed="0" covered="1"/><counter type="COMPLEXITY" missed="0" covered="1"/><counter type="METHOD" missed="0" covered="1"/></method><method name="setCompleteDateStr" desc="(Ljava/lang/String;)V" line="113"><counter type="INSTRUCTION" missed="0" covered="4"/><counter type="LINE" missed="0" covered="2"/><counter type="COMPLEXITY" missed="0" covered="1"/><counter type="METHOD" missed="0" covered="1"/></method><counter type="INSTRUCTION" missed="0" covered="59"/><counter type="LINE" missed="0" covered="25"/><counter type="COMPLEXITY" missed="0" covered="17"/><counter type="METHOD" missed="0" covered="17"/><counter type="CLASS" missed="0" covered="1"/></class><class name="com/capitalone/dashboard/client/JiraRestClientSupplier$1"><method name="&lt;init&gt;" desc="(Lcom/capitalone/dashboard/client/JiraRestClientSupplier;Ljava/lang/String;Ljava/lang/String;)V" line="148"><counter type="INSTRUCTION" missed="12" covered="0"/><counter type="LINE" missed="1" covered="0"/><counter type="COMPLEXITY" missed="1" covered="0"/><counter type="METHOD" missed="1" covered="0"/></method><method name="getPasswordAuthentication" desc="()Ljava/net/PasswordAuthentication;" line="150"><counter type="INSTRUCTION" missed="9" covered="0"/><counter type="LINE" missed="1" covered="0"/><counter type="COMPLEXITY" missed="1" covered="0"/><counter type="METHOD" missed="1" covered="0"/></method><counter type="INSTRUCTION" missed="21" covered="0"/><counter type="LINE" missed="2" covered="0"/><counter type="COMPLEXITY" missed="2" covered="0"/><counter type="METHOD" missed="2" covered="0"/><counter type="CLASS" missed="1" covered="0"/></class><sourcefile name="DefaultJiraClient.java"><line nr="61" mi="3" ci="0" mb="0" cb="0"/><line nr="62" mi="2" ci="0" mb="0" cb="0"/><line nr="67" mi="6" ci="0" mb="0" cb="0"/><line nr="69" mi="4" ci="0" mb="0" cb="0"/><line nr="71" mi="4" ci="0" mb="0" cb="0"/><line nr="72" mi="1" ci="0" mb="0" cb="0"/><line nr="80" mi="2" ci="0" mb="0" cb="0"/><line nr="81" mi="3" ci="0" mb="0" cb="0"/><line nr="82" mi="3" ci="0" mb="0" cb="0"/><line nr="83" mi="4" ci="0" mb="0" cb="0"/><line nr="84" mi="1" ci="0" mb="0" cb="0"/><line nr="88" mi="4" ci="0" mb="0" cb="0"/><line nr="90" mi="3" ci="0" mb="2" cb="0"/><line nr="93" mi="8" ci="0" mb="0" cb="0"/><line nr="95" mi="7" ci="0" mb="0" cb="0"/><line nr="96" mi="4" ci="0" mb="0" cb="0"/><line nr="98" mi="8" ci="0" mb="0" cb="0"/><line nr="99" mi="5" ci="0" mb="0" cb="0"/><line nr="101" mi="4" ci="0" mb="0" cb="0"/><line nr="103" mi="3" ci="0" mb="0" cb="0"/><line nr="105" mi="2" ci="0" mb="2" cb="0"/><line nr="106" mi="3" ci="0" mb="2" cb="0"/><line nr="107" mi="10" ci="0" mb="0" cb="0"/><line nr="109" mi="22" ci="0" mb="0" cb="0"/><line nr="112" mi="3" ci="0" mb="0" cb="0"/><line nr="114" mi="1" ci="0" mb="0" cb="0"/><line nr="115" mi="11" ci="0" mb="4" cb="0"/><line nr="116" mi="4" ci="0" mb="0" cb="0"/><line nr="118" mi="11" ci="0" mb="0" cb="0"/><line nr="120" mi="4" ci="0" mb="0" cb="0"/><line nr="121" mi="2" ci="0" mb="0" cb="0"/><line nr="123" mi="3" ci="0" mb="0" cb="0"/><line nr="126" mi="2" ci="0" mb="0" cb="0"/><line nr="131" mi="4" ci="0" mb="0" cb="0"/><line nr="133" mi="3" ci="0" mb="2" cb="0"/><line nr="135" mi="5" ci="0" mb="0" cb="0"/><line nr="137" mi="4" ci="0" mb="0" cb="0"/><line nr="138" mi="2" ci="0" mb="2" cb="0"/><line nr="139" mi="3" ci="0" mb="0" cb="0"/><line nr="141" mi="1" ci="0" mb="0" cb="0"/><line nr="142" mi="11" ci="0" mb="4" cb="0"/><line nr="143" mi="4" ci="0" mb="0" cb="0"/><line nr="145" mi="11" ci="0" mb="0" cb="0"/><line nr="147" mi="4" ci="0" mb="0" cb="0"/><line nr="148" mi="2" ci="0" mb="0" cb="0"/><line nr="150" mi="3" ci="0" mb="0" cb="0"/><line nr="153" mi="2" ci="0" mb="0" cb="0"/><line nr="159" mi="10" ci="0" mb="0" cb="0"/><line nr="160" mi="5" ci="0" mb="2" cb="0"/><line nr="161" mi="2" ci="0" mb="0" cb="0"/><line nr="165" mi="28" ci="0" mb="2" cb="0"/><line nr="167" mi="2" ci="0" mb="0" cb="0"/><line nr="169" mi="13" ci="0" mb="6" cb="0"/><line nr="170" mi="15" ci="0" mb="0" cb="0"/><line nr="171" mi="5" ci="0" mb="0" cb="0"/><line nr="172" mi="7" ci="0" mb="0" cb="0"/><line nr="173" mi="10" ci="0" mb="0" cb="0"/><line nr="174" mi="12" ci="0" mb="0" cb="0"/><line nr="175" mi="4" ci="0" mb="0" cb="0"/><line nr="177" mi="5" ci="0" mb="2" cb="0"/><line nr="178" mi="10" ci="0" mb="0" cb="0"/><line nr="179" mi="4" ci="0" mb="0" cb="0"/><line nr="180" mi="10" ci="0" mb="2" cb="0"/><line nr="181" mi="19" ci="0" mb="0" cb="0"/><line nr="183" mi="9" ci="0" mb="0" cb="0"/><line nr="186" mi="13" ci="0" mb="0" cb="0"/><line nr="188" mi="1" ci="0" mb="0" cb="0"/><line nr="189" mi="3" ci="0" mb="0" cb="0"/><line nr="192" mi="3" ci="0" mb="0" cb="0"/><line nr="193" mi="13" ci="0" mb="0" cb="0"/><line nr="194" mi="2" ci="0" mb="0" cb="0"/><line nr="196" mi="23" ci="0" mb="0" cb="0"/><line nr="197" mi="5" ci="0" mb="0" cb="0"/><line nr="198" mi="4" ci="0" mb="0" cb="0"/><line nr="200" mi="6" ci="0" mb="2" cb="0"/><line nr="201" mi="6" ci="0" mb="0" cb="0"/><line nr="204" mi="4" ci="0" mb="0" cb="0"/><line nr="206" mi="6" ci="0" mb="0" cb="0"/><line nr="208" mi="2" ci="0" mb="2" cb="0"/><line nr="209" mi="5" ci="0" mb="0" cb="0"/><line nr="210" mi="9" ci="0" mb="2" cb="0"/><line nr="211" mi="7" ci="0" mb="0" cb="0"/><line nr="212" mi="8" ci="0" mb="0" cb="0"/><line nr="213" mi="8" ci="0" mb="0" cb="0"/><line nr="214" mi="6" ci="0" mb="0" cb="0"/><line nr="215" mi="3" ci="0" mb="0" cb="0"/><line nr="216" mi="4" ci="0" mb="0" cb="0"/><line nr="217" mi="1" ci="0" mb="0" cb="0"/><line nr="219" mi="6" ci="0" mb="0" cb="0"/><line nr="221" mi="2" ci="0" mb="2" cb="0"/><line nr="222" mi="7" ci="0" mb="0" cb="0"/><line nr="225" mi="1" ci="0" mb="0" cb="0"/><line nr="226" mi="4" ci="0" mb="0" cb="0"/><line nr="227" mi="1" ci="0" mb="0" cb="0"/><line nr="228" mi="64" ci="0" mb="16" cb="0"/><line nr="229" mi="1" ci="0" mb="0" cb="0"/><line nr="230" mi="4" ci="0" mb="0" cb="0"/><line nr="231" mi="2" ci="0" mb="0" cb="0"/><line nr="232" mi="1" ci="0" mb="0" cb="0"/><line nr="233" mi="4" ci="0" mb="0" cb="0"/><line nr="234" mi="1" ci="0" mb="0" cb="0"/><line nr="235" mi="4" ci="0" mb="0" cb="0"/><line nr="236" mi="1" ci="0" mb="0" cb="0"/><line nr="237" mi="4" ci="0" mb="0" cb="0"/><line nr="238" mi="3" ci="0" mb="0" cb="0"/><line nr="240" mi="2" ci="0" mb="0" cb="0"/><line nr="246" mi="4" ci="0" mb="0" cb="0"/><line nr="248" mi="5" ci="0" mb="2" cb="0"/><line nr="249" mi="2" ci="0" mb="0" cb="0"/><line nr="253" mi="24" ci="0" mb="2" cb="0"/><line nr="255" mi="2" ci="0" mb="0" cb="0"/><line nr="257" mi="13" ci="0" mb="6" cb="0"/><line nr="258" mi="15" ci="0" mb="0" cb="0"/><line nr="259" mi="5" ci="0" mb="0" cb="0"/><line nr="260" mi="7" ci="0" mb="0" cb="0"/><line nr="261" mi="10" ci="0" mb="0" cb="0"/><line nr="262" mi="12" ci="0" mb="0" cb="0"/><line nr="263" mi="4" ci="0" mb="0" cb="0"/><line nr="265" mi="5" ci="0" mb="2" cb="0"/><line nr="266" mi="10" ci="0" mb="0" cb="0"/><line nr="267" mi="4" ci="0" mb="0" cb="0"/><line nr="268" mi="10" ci="0" mb="2" cb="0"/><line nr="269" mi="19" ci="0" mb="0" cb="0"/><line nr="271" mi="9" ci="0" mb="0" cb="0"/><line nr="274" mi="13" ci="0" mb="0" cb="0"/><line nr="276" mi="1" ci="0" mb="0" cb="0"/><line nr="277" mi="3" ci="0" mb="0" cb="0"/><line nr="280" mi="3" ci="0" mb="0" cb="0"/><line nr="281" mi="13" ci="0" mb="0" cb="0"/><line nr="282" mi="2" ci="0" mb="0" cb="0"/><line nr="284" mi="23" ci="0" mb="0" cb="0"/><line nr="285" mi="5" ci="0" mb="0" cb="0"/><line nr="286" mi="4" ci="0" mb="0" cb="0"/><line nr="288" mi="6" ci="0" mb="2" cb="0"/><line nr="289" mi="6" ci="0" mb="0" cb="0"/><line nr="292" mi="4" ci="0" mb="0" cb="0"/><line nr="294" mi="6" ci="0" mb="0" cb="0"/><line nr="296" mi="2" ci="0" mb="2" cb="0"/><line nr="297" mi="9" ci="0" mb="2" cb="0"/><line nr="298" mi="7" ci="0" mb="0" cb="0"/><line nr="299" mi="8" ci="0" mb="0" cb="0"/><line nr="300" mi="8" ci="0" mb="0" cb="0"/><line nr="301" mi="1" ci="0" mb="0" cb="0"/><line nr="303" mi="1" ci="0" mb="0" cb="0"/><line nr="304" mi="4" ci="0" mb="0" cb="0"/><line nr="305" mi="1" ci="0" mb="0" cb="0"/><line nr="306" mi="64" ci="0" mb="16" cb="0"/><line nr="307" mi="1" ci="0" mb="0" cb="0"/><line nr="308" mi="4" ci="0" mb="0" cb="0"/><line nr="309" mi="2" ci="0" mb="0" cb="0"/><line nr="310" mi="1" ci="0" mb="0" cb="0"/><line nr="311" mi="4" ci="0" mb="0" cb="0"/><line nr="312" mi="1" ci="0" mb="0" cb="0"/><line nr="313" mi="4" ci="0" mb="0" cb="0"/><line nr="314" mi="1" ci="0" mb="0" cb="0"/><line nr="315" mi="4" ci="0" mb="0" cb="0"/><line nr="316" mi="3" ci="0" mb="0" cb="0"/><line nr="318" mi="2" ci="0" mb="0" cb="0"/><line nr="322" mi="5" ci="0" mb="0" cb="0"/><line nr="327" mi="4" ci="0" mb="0" cb="0"/><line nr="329" mi="3" ci="0" mb="2" cb="0"/><line nr="331" mi="6" ci="0" mb="0" cb="0"/><line nr="333" mi="8" ci="0" mb="0" cb="0"/><line nr="334" mi="5" ci="0" mb="0" cb="0"/><line nr="336" mi="4" ci="0" mb="0" cb="0"/><line nr="338" mi="3" ci="0" mb="0" cb="0"/><line nr="340" mi="2" ci="0" mb="2" cb="0"/><line nr="341" mi="3" ci="0" mb="0" cb="0"/><line nr="343" mi="1" ci="0" mb="0" cb="0"/><line nr="344" mi="11" ci="0" mb="4" cb="0"/><line nr="345" mi="4" ci="0" mb="0" cb="0"/><line nr="347" mi="11" ci="0" mb="0" cb="0"/><line nr="349" mi="4" ci="0" mb="0" cb="0"/><line nr="350" mi="2" ci="0" mb="0" cb="0"/><line nr="352" mi="3" ci="0" mb="0" cb="0"/><line nr="355" mi="10" ci="0" mb="2" cb="0"/><line nr="363" mi="4" ci="0" mb="0" cb="0"/><line nr="365" mi="3" ci="0" mb="2" cb="0"/><line nr="367" mi="6" ci="0" mb="0" cb="0"/><line nr="370" mi="2" ci="0" mb="0" cb="0"/><line nr="371" mi="12" ci="0" mb="2" cb="0"/><line nr="373" mi="8" ci="0" mb="0" cb="0"/><line nr="374" mi="5" ci="0" mb="0" cb="0"/><line nr="376" mi="4" ci="0" mb="0" cb="0"/><line nr="377" mi="3" ci="0" mb="0" cb="0"/><line nr="379" mi="3" ci="0" mb="0" cb="0"/><line nr="381" mi="2" ci="0" mb="2" cb="0"/><line nr="382" mi="5" ci="0" mb="0" cb="0"/><line nr="385" mi="1" ci="0" mb="0" cb="0"/><line nr="386" mi="11" ci="0" mb="4" cb="0"/><line nr="387" mi="4" ci="0" mb="0" cb="0"/><line nr="389" mi="11" ci="0" mb="0" cb="0"/><line nr="391" mi="4" ci="0" mb="0" cb="0"/><line nr="392" mi="2" ci="0" mb="0" cb="0"/><line nr="394" mi="3" ci="0" mb="0" cb="0"/><line nr="397" mi="2" ci="0" mb="0" cb="0"/><line nr="402" mi="4" ci="0" mb="0" cb="0"/><line nr="408" mi="4" ci="0" mb="0" cb="0"/><line nr="411" mi="21" ci="0" mb="2" cb="0"/><line nr="412" mi="17" ci="0" mb="2" cb="0"/><line nr="413" mi="2" ci="0" mb="0" cb="0"/><line nr="415" mi="13" ci="0" mb="6" cb="0"/><line nr="416" mi="15" ci="0" mb="0" cb="0"/><line nr="417" mi="5" ci="0" mb="0" cb="0"/><line nr="418" mi="7" ci="0" mb="0" cb="0"/><line nr="419" mi="10" ci="0" mb="0" cb="0"/><line nr="420" mi="12" ci="0" mb="0" cb="0"/><line nr="421" mi="4" ci="0" mb="0" cb="0"/><line nr="423" mi="5" ci="0" mb="2" cb="0"/><line nr="424" mi="10" ci="0" mb="0" cb="0"/><line nr="425" mi="4" ci="0" mb="0" cb="0"/><line nr="426" mi="10" ci="0" mb="2" cb="0"/><line nr="427" mi="19" ci="0" mb="0" cb="0"/><line nr="429" mi="9" ci="0" mb="0" cb="0"/><line nr="432" mi="13" ci="0" mb="0" cb="0"/><line nr="434" mi="1" ci="0" mb="0" cb="0"/><line nr="435" mi="3" ci="0" mb="0" cb="0"/><line nr="438" mi="3" ci="0" mb="0" cb="0"/><line nr="439" mi="13" ci="0" mb="0" cb="0"/><line nr="440" mi="2" ci="0" mb="0" cb="0"/><line nr="442" mi="4" ci="0" mb="0" cb="0"/><line nr="443" mi="10" ci="0" mb="0" cb="0"/><line nr="444" mi="4" ci="0" mb="0" cb="0"/><line nr="447" mi="6" ci="0" mb="2" cb="0"/><line nr="448" mi="6" ci="0" mb="0" cb="0"/><line nr="450" mi="4" ci="0" mb="0" cb="0"/><line nr="453" mi="6" ci="0" mb="0" cb="0"/><line nr="455" mi="9" ci="0" mb="2" cb="0"/><line nr="456" mi="3" ci="0" mb="0" cb="0"/><line nr="457" mi="5" ci="0" mb="0" cb="0"/><line nr="461" mi="4" ci="0" mb="0" cb="0"/><line nr="462" mi="2" ci="0" mb="2" cb="0"/><line nr="463" mi="3" ci="0" mb="0" cb="0"/><line nr="464" mi="5" ci="0" mb="0" cb="0"/><line nr="465" mi="2" ci="0" mb="2" cb="0"/><line nr="466" mi="10" ci="0" mb="0" cb="0"/><line nr="467" mi="1" ci="0" mb="0" cb="0"/><line nr="470" mi="5" ci="0" mb="0" cb="0"/><line nr="472" mi="1" ci="0" mb="0" cb="0"/><line nr="473" mi="1" ci="0" mb="0" cb="0"/><line nr="474" mi="4" ci="0" mb="0" cb="0"/><line nr="475" mi="1" ci="0" mb="0" cb="0"/><line nr="476" mi="1" ci="0" mb="0" cb="0"/><line nr="477" mi="4" ci="0" mb="0" cb="0"/><line nr="478" mi="2" ci="0" mb="0" cb="0"/><line nr="479" mi="1" ci="0" mb="0" cb="0"/><line nr="480" mi="4" ci="0" mb="0" cb="0"/><line nr="481" mi="1" ci="0" mb="0" cb="0"/><line nr="482" mi="4" ci="0" mb="0" cb="0"/><line nr="483" mi="1" ci="0" mb="0" cb="0"/><line nr="484" mi="4" ci="0" mb="0" cb="0"/><line nr="485" mi="3" ci="0" mb="0" cb="0"/><line nr="487" mi="2" ci="0" mb="0" cb="0"/><counter type="INSTRUCTION" missed="1534" covered="0"/><counter type="BRANCH" missed="134" covered="0"/><counter type="LINE" missed="253" covered="0"/><counter type="COMPLEXITY" missed="84" covered="0"/><counter type="METHOD" missed="17" covered="0"/><counter type="CLASS" missed="4" covered="0"/></sourcefile><sourcefile name="Sprint.java"><line nr="10" mi="0" ci="3" mb="0" cb="0"/><line nr="23" mi="0" ci="3" mb="0" cb="0"/><line nr="29" mi="0" ci="3" mb="0" cb="0"/><line nr="30" mi="0" ci="1" mb="0" cb="0"/><line nr="35" mi="0" ci="3" mb="0" cb="0"/><line nr="41" mi="0" ci="3" mb="0" cb="0"/><line nr="42" mi="0" ci="1" mb="0" cb="0"/><line nr="47" mi="0" ci="3" mb="0" cb="0"/><line nr="53" mi="0" ci="3" mb="0" cb="0"/><line nr="54" mi="0" ci="1" mb="0" cb="0"/><line nr="59" mi="0" ci="3" mb="0" cb="0"/><line nr="65" mi="0" ci="3" mb="0" cb="0"/><line nr="66" mi="0" ci="1" mb="0" cb="0"/><line nr="71" mi="0" ci="3" mb="0" cb="0"/><line nr="77" mi="0" ci="3" mb="0" cb="0"/><line nr="78" mi="0" ci="1" mb="0" cb="0"/><line nr="83" mi="0" ci="3" mb="0" cb="0"/><line nr="89" mi="0" ci="3" mb="0" cb="0"/><line nr="90" mi="0" ci="1" mb="0" cb="0"/><line nr="95" mi="0" ci="3" mb="0" cb="0"/><line nr="101" mi="0" ci="3" mb="0" cb="0"/><line nr="102" mi="0" ci="1" mb="0" cb="0"/><line nr="107" mi="0" ci="3" mb="0" cb="0"/><line nr="113" mi="0" ci="3" mb="0" cb="0"/><line nr="114" mi="0" ci="1" mb="0" cb="0"/><counter type="INSTRUCTION" missed="0" covered="59"/><counter type="LINE" missed="0" covered="25"/><counter type="COMPLEXITY" missed="0" covered="17"/><counter type="METHOD" missed="0" covered="17"/><counter type="CLASS" missed="0" covered="1"/></sourcefile><sourcefile name="JiraRestClientSupplier.java"><line nr="36" mi="3" ci="0" mb="0" cb="0"/><line nr="37" mi="4" ci="0" mb="0" cb="0"/><line nr="44" mi="2" ci="0" mb="0" cb="0"/><line nr="46" mi="4" ci="0" mb="0" cb="0"/><line nr="47" mi="4" ci="0" mb="0" cb="0"/><line nr="48" mi="2" ci="0" mb="0" cb="0"/><line nr="49" mi="2" ci="0" mb="0" cb="0"/><line nr="51" mi="2" ci="0" mb="0" cb="0"/><line nr="54" mi="13" ci="0" mb="6" cb="0"/><line nr="55" mi="4" ci="0" mb="0" cb="0"/><line nr="56" mi="4" ci="0" mb="0" cb="0"/><line nr="58" mi="17" ci="0" mb="0" cb="0"/><line nr="60" mi="6" ci="0" mb="0" cb="0"/><line nr="61" mi="4" ci="0" mb="0" cb="0"/><line nr="63" mi="5" ci="0" mb="0" cb="0"/><line nr="66" mi="4" ci="0" mb="0" cb="0"/><line nr="67" mi="6" ci="0" mb="0" cb="0"/><line nr="68" mi="2" ci="0" mb="0" cb="0"/><line nr="69" mi="6" ci="0" mb="0" cb="0"/><line nr="70" mi="4" ci="0" mb="0" cb="0"/><line nr="72" mi="1" ci="0" mb="0" cb="0"/><line nr="73" mi="3" ci="0" mb="0" cb="0"/><line nr="75" mi="4" ci="0" mb="0" cb="0"/><line nr="76" mi="1" ci="0" mb="0" cb="0"/><line nr="78" mi="2" ci="0" mb="0" cb="0"/><line nr="94" mi="4" ci="0" mb="0" cb="0"/><line nr="95" mi="2" ci="0" mb="2" cb="0"/><line nr="97" mi="5" ci="0" mb="0" cb="0"/><line nr="98" mi="5" ci="0" mb="0" cb="0"/><line nr="99" mi="7" ci="0" mb="2" cb="0"/><line nr="100" mi="2" ci="0" mb="2" cb="0"/><line nr="101" mi="7" ci="0" mb="0" cb="0"/><line nr="103" mi="6" ci="0" mb="0" cb="0"/><line nr="108" mi="2" ci="0" mb="0" cb="0"/><line nr="130" mi="2" ci="0" mb="0" cb="0"/><line nr="131" mi="2" ci="0" mb="0" cb="0"/><line nr="132" mi="2" ci="0" mb="0" cb="0"/><line nr="133" mi="2" ci="0" mb="0" cb="0"/><line nr="135" mi="3" ci="0" mb="2" cb="0"/><line nr="136" mi="5" ci="0" mb="0" cb="0"/><line nr="137" mi="3" ci="0" mb="2" cb="0"/><line nr="138" mi="5" ci="0" mb="0" cb="0"/><line nr="139" mi="7" ci="0" mb="0" cb="0"/><line nr="140" mi="6" ci="0" mb="0" cb="0"/><line nr="141" mi="4" ci="0" mb="0" cb="0"/><line nr="142" mi="8" ci="0" mb="0" cb="0"/><line nr="143" mi="4" ci="0" mb="0" cb="0"/><line nr="144" mi="4" ci="0" mb="0" cb="0"/><line nr="146" mi="6" ci="0" mb="4" cb="0"/><line nr="147" mi="11" ci="0" mb="0" cb="0"/><line nr="148" mi="19" ci="0" mb="0" cb="0"/><line nr="150" mi="9" ci="0" mb="0" cb="0"/><line nr="153" mi="9" ci="0" mb="0" cb="0"/><line nr="154" mi="4" ci="0" mb="0" cb="0"/><line nr="156" mi="1" ci="0" mb="0" cb="0"/><line nr="157" mi="3" ci="0" mb="0" cb="0"/><line nr="159" mi="1" ci="0" mb="0" cb="0"/><line nr="160" mi="3" ci="0" mb="0" cb="0"/><line nr="161" mi="2" ci="0" mb="0" cb="0"/><line nr="164" mi="4" ci="0" mb="0" cb="0"/><line nr="166" mi="1" ci="0" mb="0" cb="0"/><line nr="168" mi="3" ci="0" mb="0" cb="0"/><line nr="169" mi="5" ci="0" mb="0" cb="0"/><line nr="170" mi="1" ci="0" mb="0" cb="0"/><line nr="171" mi="3" ci="0" mb="0" cb="0"/><line nr="172" mi="2" ci="0" mb="0" cb="0"/><counter type="INSTRUCTION" missed="293" covered="0"/><counter type="BRANCH" missed="20" covered="0"/><counter type="LINE" missed="66" covered="0"/><counter type="COMPLEXITY" missed="17" covered="0"/><counter type="METHOD" missed="7" covered="0"/><counter type="CLASS" missed="2" covered="0"/></sourcefile><counter type="INSTRUCTION" missed="1827" covered="59"/><counter type="BRANCH" missed="154" covered="0"/><counter type="LINE" missed="319" covered="25"/><counter type="COMPLEXITY" missed="101" covered="17"/><counter type="METHOD" missed="24" covered="17"/><counter type="CLASS" missed="6" covered="1"/></package><package name="com/capitalone/dashboard/client/project"><class name="com/capitalone/dashboard/client/project/ProjectDataClientImpl"><method name="&lt;init&gt;" desc="(Lcom/capitalone/dashboard/util/FeatureSettings;Lcom/capitalone/dashboard/repository/ScopeRepository;Lcom/capitalone/dashboard/repository/FeatureCollectorRepository;Lcom/capitalone/dashboard/client/JiraClient;)V" line="40"><counter type="INSTRUCTION" missed="3" covered="18"/><counter type="BRANCH" missed="1" covered="1"/><counter type="LINE" missed="1" covered="7"/><counter type="COMPLEXITY" missed="1" covered="1"/><counter type="METHOD" missed="0" covered="1"/></method><method name="updateProjectInformation" desc="()I" line="56"><counter type="INSTRUCTION" missed="0" covered="21"/><counter type="BRANCH" missed="2" covered="2"/><counter type="LINE" missed="0" covered="6"/><counter type="COMPLEXITY" missed="2" covered="1"/><counter type="METHOD" missed="0" covered="1"/></method><method name="updateMongoInfo" desc="(Ljava/util/List;)V" line="76"><counter type="INSTRUCTION" missed="15" covered="79"/><counter type="BRANCH" missed="5" covered="5"/><counter type="LINE" missed="1" covered="20"/><counter type="COMPLEXITY" missed="4" covered="2"/><counter type="METHOD" missed="0" covered="1"/></method><method name="getMaxChangeDate" desc="()Ljava/lang/String;" line="137"><counter type="INSTRUCTION" missed="33" covered="0"/><counter type="BRANCH" missed="4" covered="0"/><counter type="LINE" missed="11" covered="0"/><counter type="COMPLEXITY" missed="3" covered="0"/><counter type="METHOD" missed="1" covered="0"/></method><method name="findOneScope" desc="(Ljava/lang/String;)Lcom/capitalone/dashboard/model/Scope;" line="160"><counter type="INSTRUCTION" missed="15" covered="14"/><counter type="BRANCH" missed="2" covered="2"/><counter type="LINE" missed="2" covered="4"/><counter type="COMPLEXITY" missed="2" covered="1"/><counter type="METHOD" missed="0" covered="1"/></method><method name="&lt;clinit&gt;" desc="()V" line="27"><counter type="INSTRUCTION" missed="0" covered="6"/><counter type="LINE" missed="0" covered="2"/><counter type="COMPLEXITY" missed="0" covered="1"/><counter type="METHOD" missed="0" covered="1"/></method><counter type="INSTRUCTION" missed="66" covered="138"/><counter type="BRANCH" missed="14" covered="10"/><counter type="LINE" missed="15" covered="39"/><counter type="COMPLEXITY" missed="12" covered="6"/><counter type="METHOD" missed="1" covered="5"/><counter type="CLASS" missed="0" covered="1"/></class><sourcefile name="ProjectDataClientImpl.java"><line nr="27" mi="0" ci="3" mb="0" cb="0"/><line nr="28" mi="0" ci="3" mb="0" cb="0"/><line nr="40" mi="0" ci="2" mb="0" cb="0"/><line nr="41" mi="0" ci="3" mb="1" cb="1"/><line nr="42" mi="3" ci="0" mb="0" cb="0"/><line nr="45" mi="0" ci="3" mb="0" cb="0"/><line nr="46" mi="0" ci="3" mb="0" cb="0"/><line nr="47" mi="0" ci="3" mb="0" cb="0"/><line nr="48" mi="0" ci="3" mb="0" cb="0"/><line nr="49" mi="0" ci="1" mb="0" cb="0"/><line nr="56" mi="0" ci="2" mb="0" cb="0"/><line nr="58" mi="0" ci="4" mb="0" cb="0"/><line nr="60" mi="0" ci="5" mb="2" cb="2"/><line nr="61" mi="0" ci="3" mb="0" cb="0"/><line nr="62" mi="0" ci="5" mb="0" cb="0"/><line nr="65" mi="0" ci="2" mb="0" cb="0"/><line nr="76" mi="0" ci="3" mb="1" cb="1"/><line nr="77" mi="15" ci="0" mb="2" cb="0"/><line nr="80" mi="0" ci="2" mb="1" cb="1"/><line nr="81" mi="0" ci="7" mb="0" cb="0"/><line nr="82" mi="0" ci="10" mb="0" cb="2"/><line nr="83" mi="0" ci="5" mb="0" cb="0"/><line nr="88" mi="0" ci="4" mb="0" cb="0"/><line nr="90" mi="0" ci="2" mb="1" cb="1"/><line nr="91" mi="0" ci="4" mb="0" cb="0"/><line nr="98" mi="0" ci="3" mb="0" cb="0"/><line nr="101" mi="0" ci="5" mb="0" cb="0"/><line nr="104" mi="0" ci="6" mb="0" cb="0"/><line nr="107" mi="0" ci="3" mb="0" cb="0"/><line nr="110" mi="0" ci="3" mb="0" cb="0"/><line nr="113" mi="0" ci="3" mb="0" cb="0"/><line nr="116" mi="0" ci="3" mb="0" cb="0"/><line nr="119" mi="0" ci="3" mb="0" cb="0"/><line nr="122" mi="0" ci="6" mb="0" cb="0"/><line nr="125" mi="0" ci="5" mb="0" cb="0"/><line nr="127" mi="0" ci="1" mb="0" cb="0"/><line nr="129" mi="0" ci="1" mb="0" cb="0"/><line nr="137" mi="2" ci="0" mb="0" cb="0"/><line nr="139" mi="5" ci="0" mb="0" cb="0"/><line nr="140" mi="2" ci="0" mb="0" cb="0"/><line nr="141" mi="5" ci="0" mb="0" cb="0"/><line nr="142" mi="1" ci="0" mb="0" cb="0"/><line nr="143" mi="5" ci="0" mb="4" cb="0"/><line nr="144" mi="6" ci="0" mb="0" cb="0"/><line nr="146" mi="1" ci="0" mb="0" cb="0"/><line nr="147" mi="3" ci="0" mb="0" cb="0"/><line nr="148" mi="1" ci="0" mb="0" cb="0"/><line nr="150" mi="2" ci="0" mb="0" cb="0"/><line nr="160" mi="0" ci="5" mb="0" cb="0"/><line nr="163" mi="0" ci="4" mb="1" cb="1"/><line nr="164" mi="10" ci="0" mb="0" cb="0"/><line nr="167" mi="0" ci="3" mb="1" cb="1"/><line nr="168" mi="5" ci="0" mb="0" cb="0"/><line nr="171" mi="0" ci="2" mb="0" cb="0"/><counter type="INSTRUCTION" missed="66" covered="138"/><counter type="BRANCH" missed="14" covered="10"/><counter type="LINE" missed="15" covered="39"/><counter type="COMPLEXITY" missed="12" covered="6"/><counter type="METHOD" missed="1" covered="5"/><counter type="CLASS" missed="0" covered="1"/></sourcefile><counter type="INSTRUCTION" missed="66" covered="138"/><counter type="BRANCH" missed="14" covered="10"/><counter type="LINE" missed="15" covered="39"/><counter type="COMPLEXITY" missed="12" covered="6"/><counter type="METHOD" missed="1" covered="5"/><counter type="CLASS" missed="0" covered="1"/></package><package name="com/capitalone/dashboard/client/story"><class name="com/capitalone/dashboard/client/story/StoryDataClientImpl"><method name="&lt;init&gt;" desc="(Lcom/capitalone/dashboard/util/CoreFeatureSettings;Lcom/capitalone/dashboard/util/FeatureSettings;Lcom/capitalone/dashboard/repository/FeatureRepository;Lcom/capitalone/dashboard/repository/FeatureCollectorRepository;Lcom/capitalone/dashboard/repository/TeamRepository;Lcom/capitalone/dashboard/client/JiraClient;)V" line="91"><counter type="INSTRUCTION" missed="3" covered="50"/><counter type="BRANCH" missed="1" covered="1"/><counter type="LINE" missed="1" covered="13"/><counter type="COMPLEXITY" missed="1" covered="1"/><counter type="METHOD" missed="0" covered="1"/></method><method name="updateStoryInformation" desc="()I" line="133"><counter type="INSTRUCTION" missed="34" covered="95"/><counter type="BRANCH" missed="7" covered="9"/><counter type="LINE" missed="5" covered="24"/><counter type="COMPLEXITY" missed="7" covered="2"/><counter type="METHOD" missed="0" covered="1"/></method><method name="updateMongoInfo" desc="(Ljava/util/List;)V" line="194"><counter type="INSTRUCTION" missed="52" covered="210"/><counter type="BRANCH" missed="11" covered="17"/><counter type="LINE" missed="6" covered="42"/><counter type="COMPLEXITY" missed="10" covered="5"/><counter type="METHOD" missed="0" covered="1"/></method><method name="processFeatureData" desc="(Lcom/capitalone/dashboard/model/Feature;Lcom/atlassian/jira/rest/client/api/domain/Issue;Ljava/util/Map;)V" line="282"><counter type="INSTRUCTION" missed="73" covered="243"/><counter type="BRANCH" missed="16" covered="14"/><counter type="LINE" missed="13" covered="48"/><counter type="COMPLEXITY" missed="13" covered="3"/><counter type="METHOD" missed="0" covered="1"/></method><method name="processEpicData" desc="(Lcom/capitalone/dashboard/model/Feature;Ljava/lang/String;)V" line="410"><counter type="INSTRUCTION" missed="34" covered="147"/><counter type="BRANCH" missed="7" covered="9"/><counter type="LINE" missed="11" covered="36"/><counter type="COMPLEXITY" missed="7" covered="2"/><counter type="METHOD" missed="0" covered="1"/></method><method name="processSprintData" desc="(Lcom/capitalone/dashboard/model/Feature;Lcom/atlassian/jira/rest/client/api/domain/IssueField;)V" line="488"><counter type="INSTRUCTION" missed="38" covered="144"/><counter type="BRANCH" missed="11" covered="13"/><counter type="LINE" missed="8" covered="32"/><counter type="COMPLEXITY" missed="11" covered="2"/><counter type="METHOD" missed="0" covered="1"/></method><method name="processAssigneeData" desc="(Lcom/capitalone/dashboard/model/Feature;Lcom/atlassian/jira/rest/client/api/domain/User;)V" line="568"><counter type="INSTRUCTION" missed="32" covered="65"/><counter type="BRANCH" missed="5" covered="5"/><counter type="LINE" missed="7" covered="15"/><counter type="COMPLEXITY" missed="5" covered="1"/><counter type="METHOD" missed="0" covered="1"/></method><method name="toCanonicalFeatureStatus" desc="(Ljava/lang/String;)Ljava/lang/String;" line="612"><counter type="INSTRUCTION" missed="4" covered="33"/><counter type="BRANCH" missed="3" covered="5"/><counter type="LINE" missed="1" covered="9"/><counter type="COMPLEXITY" missed="3" covered="2"/><counter type="METHOD" missed="0" covered="1"/></method><method name="getMaxChangeDate" desc="()Ljava/lang/String;" line="635"><counter type="INSTRUCTION" missed="11" covered="23"/><counter type="BRANCH" missed="2" covered="2"/><counter type="LINE" missed="3" covered="8"/><counter type="COMPLEXITY" missed="2" covered="1"/><counter type="METHOD" missed="0" covered="1"/></method><method name="loadEpicData" desc="(Ljava/util/Collection;)V" line="655"><counter type="INSTRUCTION" missed="24" covered="66"/><counter type="BRANCH" missed="2" covered="6"/><counter type="LINE" missed="4" covered="13"/><counter type="COMPLEXITY" missed="2" covered="3"/><counter type="METHOD" missed="0" covered="1"/></method><method name="getEpicData" desc="(Ljava/lang/String;)Lcom/atlassian/jira/rest/client/api/domain/Issue;" line="694"><counter type="INSTRUCTION" missed="6" covered="18"/><counter type="BRANCH" missed="1" covered="1"/><counter type="LINE" missed="1" covered="4"/><counter type="COMPLEXITY" missed="1" covered="1"/><counter type="METHOD" missed="0" covered="1"/></method><method name="getChangeDateMinutePrior" desc="(Ljava/lang/String;)Ljava/lang/String;" line="705"><counter type="INSTRUCTION" missed="0" covered="10"/><counter type="LINE" missed="0" covered="3"/><counter type="COMPLEXITY" missed="0" covered="1"/><counter type="METHOD" missed="0" covered="1"/></method><method name="findOneFeature" desc="(Ljava/lang/String;)Lcom/capitalone/dashboard/model/Feature;" line="711"><counter type="INSTRUCTION" missed="15" covered="14"/><counter type="BRANCH" missed="2" covered="2"/><counter type="LINE" missed="2" covered="4"/><counter type="COMPLEXITY" missed="2" covered="1"/><counter type="METHOD" missed="0" covered="1"/></method><method name="buildFieldMap" desc="(Ljava/lang/Iterable;)Ljava/util/Map;" line="726"><counter type="INSTRUCTION" missed="0" covered="25"/><counter type="BRANCH" missed="1" covered="3"/><counter type="LINE" missed="0" covered="6"/><counter type="COMPLEXITY" missed="1" covered="2"/><counter type="METHOD" missed="0" covered="1"/></method><method name="buildStatusCache" desc="(Ljava/util/List;)Ljava/util/Set;" line="738"><counter type="INSTRUCTION" missed="0" covered="25"/><counter type="BRANCH" missed="1" covered="3"/><counter type="LINE" missed="0" covered="6"/><counter type="COMPLEXITY" missed="1" covered="2"/><counter type="METHOD" missed="0" covered="1"/></method><method name="updateStatuses" desc="()V" line="750"><counter type="INSTRUCTION" missed="45" covered="12"/><counter type="BRANCH" missed="7" covered="1"/><counter type="LINE" missed="8" covered="3"/><counter type="COMPLEXITY" missed="4" covered="1"/><counter type="METHOD" missed="0" covered="1"/></method><method name="&lt;clinit&gt;" desc="()V" line="71"><counter type="INSTRUCTION" missed="0" covered="10"/><counter type="LINE" missed="0" covered="3"/><counter type="COMPLEXITY" missed="0" covered="1"/><counter type="METHOD" missed="0" covered="1"/></method><counter type="INSTRUCTION" missed="371" covered="1190"/><counter type="BRANCH" missed="77" covered="91"/><counter type="LINE" missed="70" covered="269"/><counter type="COMPLEXITY" missed="70" covered="31"/><counter type="METHOD" missed="0" covered="17"/><counter type="CLASS" missed="0" covered="1"/></class><class name="com/capitalone/dashboard/client/story/StoryDataClientImpl$1"><method name="&lt;init&gt;" desc="()V" line="77"><counter type="INSTRUCTION" missed="0" covered="3"/><counter type="LINE" missed="0" covered="1"/><counter type="COMPLEXITY" missed="0" covered="1"/><counter type="METHOD" missed="0" covered="1"/></method><method name="compare" desc="(Lcom/capitalone/dashboard/client/Sprint;Lcom/capitalone/dashboard/client/Sprint;)I" line="80"><counter type="INSTRUCTION" missed="6" covered="10"/><counter type="BRANCH" missed="1" covered="1"/><counter type="LINE" missed="1" covered="3"/><counter type="COMPLEXITY" missed="1" covered="1"/><counter type="METHOD" missed="0" covered="1"/></method><counter type="INSTRUCTION" missed="6" covered="13"/><counter type="BRANCH" missed="1" covered="1"/><counter type="LINE" missed="1" covered="4"/><counter type="COMPLEXITY" missed="1" covered="2"/><counter type="METHOD" missed="0" covered="2"/><counter type="CLASS" missed="0" covered="1"/></class><sourcefile name="StoryDataClientImpl.java"><line nr="71" mi="0" ci="3" mb="0" cb="0"/><line nr="72" mi="0" ci="2" mb="0" cb="0"/><line nr="77" mi="0" ci="8" mb="0" cb="0"/><line nr="80" mi="0" ci="6" mb="0" cb="0"/><line nr="82" mi="0" ci="2" mb="1" cb="1"/><line nr="83" mi="0" ci="2" mb="0" cb="0"/><line nr="86" mi="6" ci="0" mb="0" cb="0"/><line nr="91" mi="0" ci="6" mb="0" cb="0"/><line nr="110" mi="0" ci="2" mb="0" cb="0"/><line nr="111" mi="0" ci="3" mb="1" cb="1"/><line nr="112" mi="3" ci="0" mb="0" cb="0"/><line nr="115" mi="0" ci="3" mb="0" cb="0"/><line nr="116" mi="0" ci="3" mb="0" cb="0"/><line nr="117" mi="0" ci="3" mb="0" cb="0"/><line nr="118" mi="0" ci="3" mb="0" cb="0"/><line nr="119" mi="0" ci="3" mb="0" cb="0"/><line nr="121" mi="0" ci="5" mb="0" cb="0"/><line nr="123" mi="0" ci="6" mb="0" cb="0"/><line nr="124" mi="0" ci="6" mb="0" cb="0"/><line nr="125" mi="0" ci="6" mb="0" cb="0"/><line nr="126" mi="0" ci="1" mb="0" cb="0"/><line nr="133" mi="0" ci="2" mb="0" cb="0"/><line nr="134" mi="0" ci="3" mb="0" cb="0"/><line nr="138" mi="0" ci="4" mb="0" cb="0"/><line nr="139" mi="0" ci="3" mb="0" cb="0"/><line nr="140" mi="0" ci="2" mb="1" cb="1"/><line nr="141" mi="2" ci="0" mb="0" cb="0"/><line nr="144" mi="0" ci="4" mb="0" cb="0"/><line nr="147" mi="0" ci="6" mb="0" cb="0"/><line nr="148" mi="1" ci="0" mb="0" cb="0"/><line nr="149" mi="5" ci="0" mb="0" cb="0"/><line nr="150" mi="0" ci="1" mb="0" cb="0"/><line nr="152" mi="0" ci="4" mb="0" cb="0"/><line nr="154" mi="0" ci="2" mb="0" cb="0"/><line nr="156" mi="0" ci="2" mb="0" cb="0"/><line nr="157" mi="0" ci="9" mb="1" cb="1"/><line nr="158" mi="0" ci="3" mb="1" cb="1"/><line nr="159" mi="12" ci="0" mb="0" cb="0"/><line nr="161" mi="0" ci="2" mb="0" cb="0"/><line nr="162" mi="0" ci="6" mb="0" cb="0"/><line nr="163" mi="0" ci="3" mb="1" cb="1"/><line nr="164" mi="14" ci="0" mb="0" cb="0"/><line nr="167" mi="0" ci="5" mb="2" cb="2"/><line nr="168" mi="0" ci="3" mb="0" cb="0"/><line nr="169" mi="0" ci="5" mb="0" cb="0"/><line nr="172" mi="0" ci="15" mb="0" cb="0"/><line nr="176" mi="0" ci="6" mb="1" cb="3"/><line nr="177" mi="0" ci="2" mb="0" cb="0"/><line nr="178" mi="0" ci="1" mb="0" cb="0"/><line nr="182" mi="0" ci="2" mb="0" cb="0"/><line nr="194" mi="0" ci="3" mb="1" cb="1"/><line nr="195" mi="15" ci="0" mb="2" cb="0"/><line nr="198" mi="0" ci="2" mb="1" cb="1"/><line nr="199" mi="0" ci="4" mb="0" cb="0"/><line nr="201" mi="0" ci="4" mb="0" cb="0"/><line nr="202" mi="0" ci="7" mb="0" cb="0"/><line nr="203" mi="0" ci="4" mb="0" cb="0"/><line nr="204" mi="0" ci="18" mb="0" cb="2"/><line nr="205" mi="0" ci="6" mb="0" cb="0"/><line nr="209" mi="0" ci="10" mb="0" cb="2"/><line nr="210" mi="0" ci="5" mb="0" cb="0"/><line nr="212" mi="0" ci="4" mb="0" cb="0"/><line nr="213" mi="0" ci="2" mb="1" cb="1"/><line nr="214" mi="0" ci="4" mb="0" cb="0"/><line nr="217" mi="0" ci="5" mb="0" cb="0"/><line nr="218" mi="0" ci="3" mb="0" cb="0"/><line nr="219" mi="0" ci="3" mb="0" cb="0"/><line nr="220" mi="0" ci="7" mb="0" cb="0"/><line nr="221" mi="0" ci="7" mb="0" cb="0"/><line nr="223" mi="0" ci="9" mb="1" cb="1"/><line nr="224" mi="0" ci="3" mb="1" cb="1"/><line nr="225" mi="10" ci="0" mb="0" cb="0"/><line nr="226" mi="7" ci="0" mb="0" cb="0"/><line nr="227" mi="3" ci="0" mb="0" cb="0"/><line nr="231" mi="0" ci="3" mb="0" cb="0"/><line nr="234" mi="0" ci="6" mb="0" cb="0"/><line nr="237" mi="0" ci="6" mb="0" cb="0"/><line nr="238" mi="0" ci="6" mb="0" cb="0"/><line nr="240" mi="0" ci="5" mb="0" cb="0"/><line nr="243" mi="0" ci="11" mb="2" cb="4"/><line nr="244" mi="0" ci="9" mb="0" cb="0"/><line nr="248" mi="0" ci="4" mb="0" cb="0"/><line nr="250" mi="0" ci="4" mb="0" cb="0"/><line nr="252" mi="0" ci="4" mb="0" cb="0"/><line nr="254" mi="0" ci="1" mb="0" cb="0"/><line nr="257" mi="0" ci="3" mb="1" cb="1"/><line nr="258" mi="3" ci="0" mb="0" cb="0"/><line nr="261" mi="0" ci="2" mb="0" cb="0"/><line nr="262" mi="0" ci="3" mb="0" cb="0"/><line nr="263" mi="0" ci="3" mb="0" cb="0"/><line nr="265" mi="0" ci="10" mb="0" cb="2"/><line nr="266" mi="0" ci="6" mb="0" cb="0"/><line nr="268" mi="0" ci="4" mb="0" cb="0"/><line nr="269" mi="0" ci="1" mb="0" cb="0"/><line nr="271" mi="0" ci="3" mb="1" cb="1"/><line nr="272" mi="14" ci="0" mb="0" cb="0"/><line nr="276" mi="0" ci="5" mb="0" cb="0"/><line nr="278" mi="0" ci="1" mb="0" cb="0"/><line nr="282" mi="0" ci="3" mb="0" cb="0"/><line nr="283" mi="0" ci="6" mb="0" cb="0"/><line nr="284" mi="0" ci="4" mb="0" cb="0"/><line nr="287" mi="0" ci="6" mb="0" cb="0"/><line nr="290" mi="0" ci="6" mb="0" cb="0"/><line nr="293" mi="0" ci="5" mb="0" cb="0"/><line nr="296" mi="0" ci="5" mb="0" cb="0"/><line nr="299" mi="0" ci="11" mb="0" cb="0"/><line nr="300" mi="1" ci="18" mb="1" cb="1"/><line nr="301" mi="0" ci="4" mb="0" cb="0"/><line nr="303" mi="0" ci="2" mb="0" cb="0"/><line nr="306" mi="0" ci="7" mb="2" cb="2"/><line nr="307" mi="0" ci="6" mb="0" cb="0"/><line nr="308" mi="6" ci="0" mb="2" cb="0"/><line nr="309" mi="4" ci="0" mb="2" cb="0"/><line nr="311" mi="10" ci="0" mb="0" cb="0"/><line nr="314" mi="0" ci="4" mb="0" cb="0"/><line nr="317" mi="0" ci="7" mb="0" cb="0"/><line nr="318" mi="0" ci="11" mb="2" cb="4"/><line nr="320" mi="0" ci="7" mb="0" cb="0"/><line nr="321" mi="0" ci="5" mb="0" cb="0"/><line nr="322" mi="1" ci="0" mb="0" cb="0"/><line nr="323" mi="18" ci="0" mb="0" cb="0"/><line nr="324" mi="3" ci="0" mb="0" cb="0"/><line nr="325" mi="1" ci="1" mb="0" cb="0"/><line nr="327" mi="0" ci="3" mb="0" cb="0"/><line nr="331" mi="0" ci="7" mb="0" cb="0"/><line nr="334" mi="0" ci="3" mb="0" cb="0"/><line nr="337" mi="0" ci="6" mb="0" cb="0"/><line nr="340" mi="0" ci="6" mb="0" cb="0"/><line nr="343" mi="0" ci="3" mb="0" cb="0"/><line nr="346" mi="0" ci="3" mb="0" cb="0"/><line nr="349" mi="0" ci="3" mb="0" cb="0"/><line nr="352" mi="0" ci="3" mb="0" cb="0"/><line nr="355" mi="0" ci="3" mb="0" cb="0"/><line nr="358" mi="0" ci="3" mb="0" cb="0"/><line nr="361" mi="0" ci="7" mb="0" cb="0"/><line nr="362" mi="0" ci="11" mb="2" cb="4"/><line nr="363" mi="0" ci="3" mb="0" cb="0"/><line nr="365" mi="0" ci="2" mb="0" cb="0"/><line nr="366" mi="0" ci="2" mb="0" cb="0"/><line nr="367" mi="0" ci="3" mb="1" cb="1"/><line nr="369" mi="6" ci="0" mb="0" cb="0"/><line nr="370" mi="5" ci="0" mb="0" cb="0"/><line nr="371" mi="2" ci="0" mb="2" cb="0"/><line nr="372" mi="3" ci="0" mb="0" cb="0"/><line nr="374" mi="1" ci="0" mb="0" cb="0"/><line nr="375" mi="10" ci="0" mb="0" cb="0"/><line nr="376" mi="2" ci="0" mb="0" cb="0"/><line nr="378" mi="0" ci="5" mb="0" cb="0"/><line nr="379" mi="0" ci="5" mb="0" cb="0"/><line nr="383" mi="0" ci="3" mb="0" cb="0"/><line nr="384" mi="0" ci="6" mb="2" cb="2"/><line nr="386" mi="0" ci="6" mb="0" cb="0"/><line nr="391" mi="0" ci="3" mb="0" cb="0"/><line nr="394" mi="0" ci="3" mb="0" cb="0"/><line nr="397" mi="0" ci="3" mb="0" cb="0"/><line nr="400" mi="0" ci="9" mb="0" cb="0"/><line nr="403" mi="0" ci="5" mb="0" cb="0"/><line nr="406" mi="0" ci="5" mb="0" cb="0"/><line nr="407" mi="0" ci="1" mb="0" cb="0"/><line nr="410" mi="0" ci="5" mb="1" cb="3"/><line nr="411" mi="0" ci="4" mb="0" cb="0"/><line nr="412" mi="0" ci="2" mb="1" cb="1"/><line nr="413" mi="0" ci="4" mb="0" cb="0"/><line nr="414" mi="0" ci="4" mb="0" cb="0"/><line nr="415" mi="0" ci="4" mb="0" cb="0"/><line nr="416" mi="0" ci="4" mb="0" cb="0"/><line nr="417" mi="0" ci="4" mb="0" cb="0"/><line nr="420" mi="0" ci="5" mb="0" cb="0"/><line nr="423" mi="0" ci="5" mb="0" cb="0"/><line nr="426" mi="0" ci="5" mb="0" cb="0"/><line nr="429" mi="0" ci="11" mb="0" cb="0"/><line nr="430" mi="1" ci="18" mb="1" cb="1"/><line nr="431" mi="0" ci="3" mb="0" cb="0"/><line nr="434" mi="0" ci="5" mb="2" cb="2"/><line nr="435" mi="0" ci="7" mb="0" cb="0"/><line nr="436" mi="0" ci="1" mb="0" cb="0"/><line nr="438" mi="3" ci="0" mb="0" cb="0"/><line nr="442" mi="0" ci="3" mb="1" cb="1"/><line nr="443" mi="0" ci="7" mb="0" cb="0"/><line nr="444" mi="0" ci="2" mb="0" cb="0"/><line nr="446" mi="3" ci="0" mb="0" cb="0"/><line nr="450" mi="0" ci="2" mb="1" cb="1"/><line nr="451" mi="0" ci="6" mb="0" cb="0"/><line nr="453" mi="3" ci="0" mb="0" cb="0"/><line nr="455" mi="0" ci="1" mb="0" cb="0"/><line nr="456" mi="3" ci="0" mb="0" cb="0"/><line nr="457" mi="3" ci="0" mb="0" cb="0"/><line nr="458" mi="3" ci="0" mb="0" cb="0"/><line nr="459" mi="3" ci="0" mb="0" cb="0"/><line nr="460" mi="3" ci="0" mb="0" cb="0"/><line nr="461" mi="3" ci="0" mb="0" cb="0"/><line nr="462" mi="3" ci="0" mb="0" cb="0"/><line nr="463" mi="3" ci="0" mb="0" cb="0"/><line nr="465" mi="0" ci="1" mb="0" cb="0"/><line nr="466" mi="0" ci="3" mb="0" cb="0"/><line nr="467" mi="0" ci="3" mb="0" cb="0"/><line nr="468" mi="0" ci="3" mb="0" cb="0"/><line nr="469" mi="0" ci="3" mb="0" cb="0"/><line nr="470" mi="0" ci="3" mb="0" cb="0"/><line nr="471" mi="0" ci="3" mb="0" cb="0"/><line nr="472" mi="0" ci="3" mb="0" cb="0"/><line nr="473" mi="0" ci="3" mb="0" cb="0"/><line nr="477" mi="0" ci="3" mb="0" cb="0"/><line nr="480" mi="0" ci="3" mb="0" cb="0"/><line nr="483" mi="0" ci="3" mb="0" cb="0"/><line nr="484" mi="0" ci="1" mb="0" cb="0"/><line nr="488" mi="0" ci="10" mb="2" cb="4"/><line nr="489" mi="0" ci="3" mb="0" cb="0"/><line nr="492" mi="0" ci="4" mb="0" cb="0"/><line nr="496" mi="0" ci="3" mb="0" cb="0"/><line nr="498" mi="0" ci="3" mb="1" cb="1"/><line nr="500" mi="0" ci="8" mb="0" cb="0"/><line nr="503" mi="0" ci="3" mb="1" cb="1"/><line nr="504" mi="0" ci="6" mb="0" cb="0"/><line nr="506" mi="3" ci="0" mb="0" cb="0"/><line nr="510" mi="0" ci="3" mb="1" cb="1"/><line nr="511" mi="0" ci="5" mb="0" cb="0"/><line nr="513" mi="3" ci="0" mb="0" cb="0"/><line nr="517" mi="0" ci="7" mb="2" cb="2"/><line nr="518" mi="0" ci="11" mb="0" cb="0"/><line nr="519" mi="1" ci="17" mb="1" cb="1"/><line nr="520" mi="0" ci="5" mb="0" cb="0"/><line nr="521" mi="0" ci="3" mb="0" cb="0"/><line nr="525" mi="0" ci="3" mb="1" cb="1"/><line nr="526" mi="0" ci="7" mb="0" cb="0"/><line nr="528" mi="3" ci="0" mb="0" cb="0"/><line nr="532" mi="0" ci="3" mb="1" cb="1"/><line nr="533" mi="0" ci="7" mb="0" cb="0"/><line nr="535" mi="3" ci="0" mb="0" cb="0"/><line nr="539" mi="0" ci="3" mb="1" cb="1"/><line nr="540" mi="0" ci="5" mb="0" cb="0"/><line nr="542" mi="3" ci="0" mb="0" cb="0"/><line nr="544" mi="0" ci="1" mb="0" cb="0"/><line nr="545" mi="10" ci="0" mb="0" cb="0"/><line nr="547" mi="1" ci="0" mb="0" cb="0"/><line nr="548" mi="11" ci="0" mb="0" cb="0"/><line nr="549" mi="0" ci="1" mb="0" cb="0"/><line nr="550" mi="0" ci="1" mb="0" cb="0"/><line nr="553" mi="0" ci="3" mb="0" cb="0"/><line nr="554" mi="0" ci="3" mb="0" cb="0"/><line nr="555" mi="0" ci="3" mb="0" cb="0"/><line nr="556" mi="0" ci="3" mb="0" cb="0"/><line nr="557" mi="0" ci="3" mb="0" cb="0"/><line nr="561" mi="0" ci="3" mb="0" cb="0"/><line nr="564" mi="0" ci="3" mb="0" cb="0"/><line nr="565" mi="0" ci="1" mb="0" cb="0"/><line nr="568" mi="0" ci="2" mb="1" cb="1"/><line nr="570" mi="0" ci="4" mb="0" cb="0"/><line nr="573" mi="0" ci="4" mb="0" cb="0"/><line nr="574" mi="0" ci="7" mb="2" cb="2"/><line nr="575" mi="0" ci="7" mb="0" cb="0"/><line nr="576" mi="0" ci="8" mb="0" cb="0"/><line nr="579" mi="4" ci="0" mb="0" cb="0"/><line nr="580" mi="4" ci="0" mb="0" cb="0"/><line nr="582" mi="0" ci="3" mb="0" cb="0"/><line nr="583" mi="0" ci="3" mb="0" cb="0"/><line nr="584" mi="0" ci="3" mb="0" cb="0"/><line nr="587" mi="0" ci="4" mb="0" cb="0"/><line nr="588" mi="0" ci="7" mb="2" cb="2"/><line nr="589" mi="0" ci="8" mb="0" cb="0"/><line nr="591" mi="4" ci="0" mb="0" cb="0"/><line nr="593" mi="0" ci="3" mb="0" cb="0"/><line nr="594" mi="0" ci="1" mb="0" cb="0"/><line nr="595" mi="5" ci="0" mb="0" cb="0"/><line nr="596" mi="5" ci="0" mb="0" cb="0"/><line nr="597" mi="5" ci="0" mb="0" cb="0"/><line nr="598" mi="5" ci="0" mb="0" cb="0"/><line nr="600" mi="0" ci="1" mb="0" cb="0"/><line nr="612" mi="0" ci="3" mb="0" cb="0"/><line nr="614" mi="0" ci="2" mb="1" cb="1"/><line nr="615" mi="0" ci="4" mb="0" cb="0"/><line nr="617" mi="0" ci="5" mb="0" cb="2"/><line nr="618" mi="0" ci="4" mb="0" cb="0"/><line nr="619" mi="0" ci="5" mb="1" cb="1"/><line nr="620" mi="4" ci="0" mb="0" cb="0"/><line nr="621" mi="0" ci="5" mb="1" cb="1"/><line nr="622" mi="0" ci="3" mb="0" cb="0"/><line nr="626" mi="0" ci="2" mb="0" cb="0"/><line nr="635" mi="0" ci="2" mb="0" cb="0"/><line nr="638" mi="0" ci="5" mb="0" cb="0"/><line nr="639" mi="0" ci="2" mb="0" cb="0"/><line nr="640" mi="0" ci="5" mb="0" cb="0"/><line nr="641" mi="0" ci="1" mb="0" cb="0"/><line nr="642" mi="0" ci="5" mb="2" cb="2"/><line nr="643" mi="6" ci="0" mb="0" cb="0"/><line nr="645" mi="1" ci="0" mb="0" cb="0"/><line nr="646" mi="4" ci="0" mb="0" cb="0"/><line nr="648" mi="0" ci="1" mb="0" cb="0"/><line nr="650" mi="0" ci="2" mb="0" cb="0"/><line nr="655" mi="0" ci="4" mb="0" cb="0"/><line nr="656" mi="0" ci="4" mb="0" cb="0"/><line nr="657" mi="0" ci="6" mb="0" cb="0"/><line nr="659" mi="0" ci="5" mb="0" cb="0"/><line nr="661" mi="0" ci="3" mb="0" cb="2"/><line nr="662" mi="0" ci="3" mb="1" cb="1"/><line nr="663" mi="10" ci="0" mb="0" cb="0"/><line nr="667" mi="0" ci="6" mb="0" cb="0"/><line nr="669" mi="0" ci="11" mb="0" cb="2"/><line nr="670" mi="0" ci="7" mb="0" cb="0"/><line nr="672" mi="0" ci="5" mb="0" cb="0"/><line nr="674" mi="0" ci="5" mb="0" cb="0"/><line nr="676" mi="4" ci="6" mb="1" cb="1"/><line nr="677" mi="3" ci="0" mb="0" cb="0"/><line nr="679" mi="6" ci="0" mb="0" cb="0"/><line nr="680" mi="1" ci="0" mb="0" cb="0"/><line nr="683" mi="0" ci="1" mb="0" cb="0"/><line nr="694" mi="0" ci="5" mb="1" cb="1"/><line nr="695" mi="6" ci="0" mb="0" cb="0"/><line nr="697" mi="0" ci="5" mb="0" cb="0"/><line nr="698" mi="0" ci="6" mb="0" cb="0"/><line nr="700" mi="0" ci="2" mb="0" cb="0"/><line nr="705" mi="0" ci="4" mb="0" cb="0"/><line nr="706" mi="0" ci="4" mb="0" cb="0"/><line nr="707" mi="0" ci="2" mb="0" cb="0"/><line nr="711" mi="0" ci="5" mb="0" cb="0"/><line nr="714" mi="0" ci="4" mb="1" cb="1"/><line nr="715" mi="10" ci="0" mb="0" cb="0"/><line nr="718" mi="0" ci="3" mb="1" cb="1"/><line nr="719" mi="5" ci="0" mb="0" cb="0"/><line nr="722" mi="0" ci="2" mb="0" cb="0"/><line nr="726" mi="0" ci="4" mb="0" cb="0"/><line nr="728" mi="0" ci="2" mb="1" cb="1"/><line nr="729" mi="0" ci="10" mb="0" cb="2"/><line nr="730" mi="0" ci="6" mb="0" cb="0"/><line nr="731" mi="0" ci="1" mb="0" cb="0"/><line nr="734" mi="0" ci="2" mb="0" cb="0"/><line nr="738" mi="0" ci="4" mb="0" cb="0"/><line nr="740" mi="0" ci="2" mb="1" cb="1"/><line nr="741" mi="0" ci="10" mb="0" cb="2"/><line nr="742" mi="0" ci="6" mb="0" cb="0"/><line nr="743" mi="0" ci="1" mb="0" cb="0"/><line nr="746" mi="0" ci="2" mb="0" cb="0"/><line nr="750" mi="0" ci="4" mb="0" cb="0"/><line nr="751" mi="4" ci="7" mb="1" cb="1"/><line nr="752" mi="5" ci="0" mb="0" cb="0"/><line nr="753" mi="4" ci="0" mb="2" cb="0"/><line nr="754" mi="8" ci="0" mb="0" cb="0"/><line nr="755" mi="4" ci="0" mb="2" cb="0"/><line nr="756" mi="8" ci="0" mb="0" cb="0"/><line nr="757" mi="4" ci="0" mb="2" cb="0"/><line nr="758" mi="7" ci="0" mb="0" cb="0"/><line nr="760" mi="1" ci="0" mb="0" cb="0"/><line nr="761" mi="0" ci="1" mb="0" cb="0"/><counter type="INSTRUCTION" missed="377" covered="1203"/><counter type="BRANCH" missed="78" covered="92"/><counter type="LINE" missed="71" covered="272"/><counter type="COMPLEXITY" missed="71" covered="33"/><counter type="METHOD" missed="0" covered="19"/><counter type="CLASS" missed="0" covered="2"/></sourcefile><counter type="INSTRUCTION" missed="377" covered="1203"/><counter type="BRANCH" missed="78" covered="92"/><counter type="LINE" missed="71" covered="272"/><counter type="COMPLEXITY" missed="71" covered="33"/><counter type="METHOD" missed="0" covered="19"/><counter type="CLASS" missed="0" covered="2"/></package><package name="com/capitalone/dashboard"><class name="com/capitalone/dashboard/Application"><method name="&lt;init&gt;" desc="()V" line="12"><counter type="INSTRUCTION" missed="3" covered="0"/><counter type="LINE" missed="1" covered="0"/><counter type="COMPLEXITY" missed="1" covered="0"/><counter type="METHOD" missed="1" covered="0"/></method><method name="main" desc="([Ljava/lang/String;)V" line="21"><counter type="INSTRUCTION" missed="5" covered="0"/><counter type="LINE" missed="2" covered="0"/><counter type="COMPLEXITY" missed="1" covered="0"/><counter type="METHOD" missed="1" covered="0"/></method><counter type="INSTRUCTION" missed="8" covered="0"/><counter type="LINE" missed="3" covered="0"/><counter type="COMPLEXITY" missed="2" covered="0"/><counter type="METHOD" missed="2" covered="0"/><counter type="CLASS" missed="1" covered="0"/></class><sourcefile name="Application.java"><line nr="12" mi="3" ci="0" mb="0" cb="0"/><line nr="21" mi="4" ci="0" mb="0" cb="0"/><line nr="22" mi="1" ci="0" mb="0" cb="0"/><counter type="INSTRUCTION" missed="8" covered="0"/><counter type="LINE" missed="3" covered="0"/><counter type="COMPLEXITY" missed="2" covered="0"/><counter type="METHOD" missed="2" covered="0"/><counter type="CLASS" missed="1" covered="0"/></sourcefile><counter type="INSTRUCTION" missed="8" covered="0"/><counter type="LINE" missed="3" covered="0"/><counter type="COMPLEXITY" missed="2" covered="0"/><counter type="METHOD" missed="2" covered="0"/><counter type="CLASS" missed="1" covered="0"/></package><package name="com/capitalone/dashboard/collector"><class name="com/capitalone/dashboard/collector/FeatureCollectorTask"><method name="&lt;init&gt;" desc="(Lcom/capitalone/dashboard/util/CoreFeatureSettings;Lorg/springframework/scheduling/TaskScheduler;Lcom/capitalone/dashboard/repository/FeatureRepository;Lcom/capitalone/dashboard/repository/TeamRepository;Lcom/capitalone/dashboard/repository/ScopeRepository;Lcom/capitalone/dashboard/repository/FeatureCollectorRepository;Lcom/capitalone/dashboard/util/FeatureSettings;Lcom/capitalone/dashboard/client/JiraClient;)V" line="59"><counter type="INSTRUCTION" missed="26" covered="0"/><counter type="LINE" missed="9" covered="0"/><counter type="COMPLEXITY" missed="1" covered="0"/><counter type="METHOD" missed="1" covered="0"/></method><method name="getCollector" desc="()Lcom/capitalone/dashboard/model/FeatureCollector;" line="74"><counter type="INSTRUCTION" missed="2" covered="0"/><counter type="LINE" missed="1" covered="0"/><counter type="COMPLEXITY" missed="1" covered="0"/><counter type="METHOD" missed="1" covered="0"/></method><method name="getCollectorRepository" desc="()Lcom/capitalone/dashboard/repository/BaseCollectorRepository;" line="82"><counter type="INSTRUCTION" missed="3" covered="0"/><counter type="LINE" missed="1" covered="0"/><counter type="COMPLEXITY" missed="1" covered="0"/><counter type="METHOD" missed="1" covered="0"/></method><method name="getCron" desc="()Ljava/lang/String;" line="90"><counter type="INSTRUCTION" missed="4" covered="0"/><counter type="LINE" missed="1" covered="0"/><counter type="COMPLEXITY" missed="1" covered="0"/><counter type="METHOD" missed="1" covered="0"/></method><method name="collect" desc="(Lcom/capitalone/dashboard/model/FeatureCollector;)V" line="100"><counter type="INSTRUCTION" missed="91" covered="0"/><counter type="LINE" missed="19" covered="0"/><counter type="COMPLEXITY" missed="1" covered="0"/><counter type="METHOD" missed="1" covered="0"/></method><method name="&lt;clinit&gt;" desc="()V" line="30"><counter type="INSTRUCTION" missed="4" covered="0"/><counter type="LINE" missed="1" covered="0"/><counter type="COMPLEXITY" missed="1" covered="0"/><counter type="METHOD" missed="1" covered="0"/></method><counter type="INSTRUCTION" missed="130" covered="0"/><counter type="LINE" missed="32" covered="0"/><counter type="COMPLEXITY" missed="6" covered="0"/><counter type="METHOD" missed="6" covered="0"/><counter type="CLASS" missed="1" covered="0"/></class><sourcefile name="FeatureCollectorTask.java"><line nr="30" mi="4" ci="0" mb="0" cb="0"/><line nr="59" mi="4" ci="0" mb="0" cb="0"/><line nr="60" mi="3" ci="0" mb="0" cb="0"/><line nr="61" mi="3" ci="0" mb="0" cb="0"/><line nr="62" mi="3" ci="0" mb="0" cb="0"/><line nr="63" mi="3" ci="0" mb="0" cb="0"/><line nr="64" mi="3" ci="0" mb="0" cb="0"/><line nr="65" mi="3" ci="0" mb="0" cb="0"/><line nr="66" mi="3" ci="0" mb="0" cb="0"/><line nr="67" mi="1" ci="0" mb="0" cb="0"/><line nr="74" mi="2" ci="0" mb="0" cb="0"/><line nr="82" mi="3" ci="0" mb="0" cb="0"/><line nr="90" mi="4" ci="0" mb="0" cb="0"/><line nr="100" mi="5" ci="0" mb="0" cb="0"/><line nr="101" mi="2" ci="0" mb="0" cb="0"/><line nr="104" mi="2" ci="0" mb="0" cb="0"/><line nr="105" mi="12" ci="0" mb="0" cb="0"/><line nr="107" mi="3" ci="0" mb="0" cb="0"/><line nr="108" mi="6" ci="0" mb="0" cb="0"/><line nr="110" mi="2" ci="0" mb="0" cb="0"/><line nr="111" mi="12" ci="0" mb="0" cb="0"/><line nr="113" mi="3" ci="0" mb="0" cb="0"/><line nr="114" mi="6" ci="0" mb="0" cb="0"/><line nr="116" mi="2" ci="0" mb="0" cb="0"/><line nr="117" mi="16" ci="0" mb="0" cb="0"/><line nr="119" mi="3" ci="0" mb="0" cb="0"/><line nr="121" mi="6" ci="0" mb="0" cb="0"/><line nr="122" mi="4" ci="0" mb="0" cb="0"/><line nr="123" mi="1" ci="0" mb="0" cb="0"/><line nr="125" mi="4" ci="0" mb="0" cb="0"/><line nr="126" mi="1" ci="0" mb="0" cb="0"/><line nr="127" mi="1" ci="0" mb="0" cb="0"/><counter type="INSTRUCTION" missed="130" covered="0"/><counter type="LINE" missed="32" covered="0"/><counter type="COMPLEXITY" missed="6" covered="0"/><counter type="METHOD" missed="6" covered="0"/><counter type="CLASS" missed="1" covered="0"/></sourcefile><counter type="INSTRUCTION" missed="130" covered="0"/><counter type="LINE" missed="32" covered="0"/><counter type="COMPLEXITY" missed="6" covered="0"/><counter type="METHOD" missed="6" covered="0"/><counter type="CLASS" missed="1" covered="0"/></package><package name="com/capitalone/dashboard/model"><class name="com/capitalone/dashboard/model/FeatureCollector"><method name="&lt;init&gt;" desc="()V" line="11"><counter type="INSTRUCTION" missed="0" covered="3"/><counter type="LINE" missed="0" covered="1"/><counter type="COMPLEXITY" missed="0" covered="1"/><counter type="METHOD" missed="0" covered="1"/></method><method name="prototype" desc="()Lcom/capitalone/dashboard/model/FeatureCollector;" line="20"><counter type="INSTRUCTION" missed="21" covered="0"/><counter type="LINE" missed="7" covered="0"/><counter type="COMPLEXITY" missed="1" covered="0"/><counter type="METHOD" missed="1" covered="0"/></method><counter type="INSTRUCTION" missed="21" covered="3"/><counter type="LINE" missed="7" covered="1"/><counter type="COMPLEXITY" missed="1" covered="1"/><counter type="METHOD" missed="1" covered="1"/><counter type="CLASS" missed="0" covered="1"/></class><sourcefile name="FeatureCollector.java"><line nr="11" mi="0" ci="3" mb="0" cb="0"/><line nr="20" mi="4" ci="0" mb="0" cb="0"/><line nr="21" mi="3" ci="0" mb="0" cb="0"/><line nr="22" mi="3" ci="0" mb="0" cb="0"/><line nr="23" mi="3" ci="0" mb="0" cb="0"/><line nr="24" mi="3" ci="0" mb="0" cb="0"/><line nr="25" mi="3" ci="0" mb="0" cb="0"/><line nr="27" mi="2" ci="0" mb="0" cb="0"/><counter type="INSTRUCTION" missed="21" covered="3"/><counter type="LINE" missed="7" covered="1"/><counter type="COMPLEXITY" missed="1" covered="1"/><counter type="METHOD" missed="1" covered="1"/><counter type="CLASS" missed="0" covered="1"/></sourcefile><counter type="INSTRUCTION" missed="21" covered="3"/><counter type="LINE" missed="7" covered="1"/><counter type="COMPLEXITY" missed="1" covered="1"/><counter type="METHOD" missed="1" covered="1"/><counter type="CLASS" missed="0" covered="1"/></package><package name="com/capitalone/dashboard/util"><class name="com/capitalone/dashboard/util/FeatureSettings"><method name="&lt;init&gt;" desc="()V" line="29"><counter type="INSTRUCTION" missed="0" covered="3"/><counter type="LINE" missed="0" covered="1"/><counter type="COMPLEXITY" missed="0" covered="1"/><counter type="METHOD" missed="0" covered="1"/></method><method name="getCron" desc="()Ljava/lang/String;" line="97"><counter type="INSTRUCTION" missed="3" covered="0"/><counter type="LINE" missed="1" covered="0"/><counter type="COMPLEXITY" missed="1" covered="0"/><counter type="METHOD" missed="1" covered="0"/></method><method name="setCron" desc="(Ljava/lang/String;)V" line="101"><counter type="INSTRUCTION" missed="4" covered="0"/><counter type="LINE" missed="2" covered="0"/><counter type="COMPLEXITY" missed="1" covered="0"/><counter type="METHOD" missed="1" covered="0"/></method><method name="getPageSize" desc="()I" line="105"><counter type="INSTRUCTION" missed="0" covered="3"/><counter type="LINE" missed="0" covered="1"/><counter type="COMPLEXITY" missed="0" covered="1"/><counter type="METHOD" missed="0" covered="1"/></method><method name="setPageSize" desc="(I)V" line="109"><counter type="INSTRUCTION" missed="0" covered="4"/><counter type="LINE" missed="0" covered="2"/><counter type="COMPLEXITY" missed="0" covered="1"/><counter type="METHOD" missed="0" covered="1"/></method><method name="getDeltaStartDate" desc="()Ljava/lang/String;" line="113"><counter type="INSTRUCTION" missed="0" covered="3"/><counter type="LINE" missed="0" covered="1"/><counter type="COMPLEXITY" missed="0" covered="1"/><counter type="METHOD" missed="0" covered="1"/></method><method name="setDeltaStartDate" desc="(Ljava/lang/String;)V" line="117"><counter type="INSTRUCTION" missed="0" covered="4"/><counter type="LINE" missed="0" covered="2"/><counter type="COMPLEXITY" missed="0" covered="1"/><counter type="METHOD" missed="0" covered="1"/></method><method name="setDeltaCollectorItemStartDate" desc="(Ljava/lang/String;)V" line="121"><counter type="INSTRUCTION" missed="4" covered="0"/><counter type="LINE" missed="2" covered="0"/><counter type="COMPLEXITY" missed="1" covered="0"/><counter type="METHOD" missed="1" covered="0"/></method><method name="getDeltaCollectorItemStartDate" desc="()Ljava/lang/String;" line="125"><counter type="INSTRUCTION" missed="3" covered="0"/><counter type="LINE" missed="1" covered="0"/><counter type="COMPLEXITY" missed="1" covered="0"/><counter type="METHOD" missed="1" covered="0"/></method><method name="getMasterStartDate" desc="()Ljava/lang/String;" line="129"><counter type="INSTRUCTION" missed="3" covered="0"/><counter type="LINE" missed="1" covered="0"/><counter type="COMPLEXITY" missed="1" covered="0"/><counter type="METHOD" missed="1" covered="0"/></method><method name="setMasterStartDate" desc="(Ljava/lang/String;)V" line="133"><counter type="INSTRUCTION" missed="4" covered="0"/><counter type="LINE" missed="2" covered="0"/><counter type="COMPLEXITY" missed="1" covered="0"/><counter type="METHOD" missed="1" covered="0"/></method><method name="getQueryFolder" desc="()Ljava/lang/String;" line="137"><counter type="INSTRUCTION" missed="3" covered="0"/><counter type="LINE" missed="1" covered="0"/><counter type="COMPLEXITY" missed="1" covered="0"/><counter type="METHOD" missed="1" covered="0"/></method><method name="setQueryFolder" desc="(Ljava/lang/String;)V" line="141"><counter type="INSTRUCTION" missed="4" covered="0"/><counter type="LINE" missed="2" covered="0"/><counter type="COMPLEXITY" missed="1" covered="0"/><counter type="METHOD" missed="1" covered="0"/></method><method name="getStoryQuery" desc="()Ljava/lang/String;" line="145"><counter type="INSTRUCTION" missed="3" covered="0"/><counter type="LINE" missed="1" covered="0"/><counter type="COMPLEXITY" missed="1" covered="0"/><counter type="METHOD" missed="1" covered="0"/></method><method name="setStoryQuery" desc="(Ljava/lang/String;)V" line="149"><counter type="INSTRUCTION" missed="4" covered="0"/><counter type="LINE" missed="2" covered="0"/><counter type="COMPLEXITY" missed="1" covered="0"/><counter type="METHOD" missed="1" covered="0"/></method><method name="getEpicQuery" desc="()Ljava/lang/String;" line="153"><counter type="INSTRUCTION" missed="3" covered="0"/><counter type="LINE" missed="1" covered="0"/><counter type="COMPLEXITY" missed="1" covered="0"/><counter type="METHOD" missed="1" covered="0"/></method><method name="setEpicQuery" desc="(Ljava/lang/String;)V" line="157"><counter type="INSTRUCTION" missed="4" covered="0"/><counter type="LINE" missed="2" covered="0"/><counter type="COMPLEXITY" missed="1" covered="0"/><counter type="METHOD" missed="1" covered="0"/></method><method name="getProjectQuery" desc="()Ljava/lang/String;" line="161"><counter type="INSTRUCTION" missed="3" covered="0"/><counter type="LINE" missed="1" covered="0"/><counter type="COMPLEXITY" missed="1" covered="0"/><counter type="METHOD" missed="1" covered="0"/></method><method name="setProjectQuery" desc="(Ljava/lang/String;)V" line="165"><counter type="INSTRUCTION" missed="4" covered="0"/><counter type="LINE" missed="2" covered="0"/><counter type="COMPLEXITY" missed="1" covered="0"/><counter type="METHOD" missed="1" covered="0"/></method><method name="getMemberQuery" desc="()Ljava/lang/String;" line="169"><counter type="INSTRUCTION" missed="3" covered="0"/><counter type="LINE" missed="1" covered="0"/><counter type="COMPLEXITY" missed="1" covered="0"/><counter type="METHOD" missed="1" covered="0"/></method><method name="setMemberQuery" desc="(Ljava/lang/String;)V" line="173"><counter type="INSTRUCTION" missed="4" covered="0"/><counter type="LINE" missed="2" covered="0"/><counter type="COMPLEXITY" missed="1" covered="0"/><counter type="METHOD" missed="1" covered="0"/></method><method name="getSprintQuery" desc="()Ljava/lang/String;" line="177"><counter type="INSTRUCTION" missed="3" covered="0"/><counter type="LINE" missed="1" covered="0"/><counter type="COMPLEXITY" missed="1" covered="0"/><counter type="METHOD" missed="1" covered="0"/></method><method name="setSprintQuery" desc="(Ljava/lang/String;)V" line="181"><counter type="INSTRUCTION" missed="4" covered="0"/><counter type="LINE" missed="2" covered="0"/><counter type="COMPLEXITY" missed="1" covered="0"/><counter type="METHOD" missed="1" covered="0"/></method><method name="getTeamQuery" desc="()Ljava/lang/String;" line="185"><counter type="INSTRUCTION" missed="3" covered="0"/><counter type="LINE" missed="1" covered="0"/><counter type="COMPLEXITY" missed="1" covered="0"/><counter type="METHOD" missed="1" covered="0"/></method><method name="setTeamQuery" desc="(Ljava/lang/String;)V" line="189"><counter type="INSTRUCTION" missed="4" covered="0"/><counter type="LINE" missed="2" covered="0"/><counter type="COMPLEXITY" missed="1" covered="0"/><counter type="METHOD" missed="1" covered="0"/></method><method name="getTrendingQuery" desc="()Ljava/lang/String;" line="193"><counter type="INSTRUCTION" missed="3" covered="0"/><counter type="LINE" missed="1" covered="0"/><counter type="COMPLEXITY" missed="1" covered="0"/><counter type="METHOD" missed="1" covered="0"/></method><method name="setTrendingQuery" desc="(Ljava/lang/String;)V" line="197"><counter type="INSTRUCTION" missed="4" covered="0"/><counter type="LINE" missed="2" covered="0"/><counter type="COMPLEXITY" missed="1" covered="0"/><counter type="METHOD" missed="1" covered="0"/></method><method name="getSprintDays" desc="()I" line="201"><counter type="INSTRUCTION" missed="3" covered="0"/><counter type="LINE" missed="1" covered="0"/><counter type="COMPLEXITY" missed="1" covered="0"/><counter type="METHOD" missed="1" covered="0"/></method><method name="setSprintDays" desc="(I)V" line="205"><counter type="INSTRUCTION" missed="4" covered="0"/><counter type="LINE" missed="2" covered="0"/><counter type="COMPLEXITY" missed="1" covered="0"/><counter type="METHOD" missed="1" covered="0"/></method><method name="getSprintEndPrior" desc="()I" line="209"><counter type="INSTRUCTION" missed="3" covered="0"/><counter type="LINE" missed="1" covered="0"/><counter type="COMPLEXITY" missed="1" covered="0"/><counter type="METHOD" missed="1" covered="0"/></method><method name="setSprintEndPrior" desc="(I)V" line="213"><counter type="INSTRUCTION" missed="4" covered="0"/><counter type="LINE" missed="2" covered="0"/><counter type="COMPLEXITY" missed="1" covered="0"/><counter type="METHOD" missed="1" covered="0"/></method><method name="getScheduledPriorMin" desc="()I" line="217"><counter type="INSTRUCTION" missed="0" covered="3"/><counter type="LINE" missed="0" covered="1"/><counter type="COMPLEXITY" missed="0" covered="1"/><counter type="METHOD" missed="0" covered="1"/></method><method name="setScheduledPriorMin" desc="(I)V" line="221"><counter type="INSTRUCTION" missed="4" covered="0"/><counter type="LINE" missed="2" covered="0"/><counter type="COMPLEXITY" missed="1" covered="0"/><counter type="METHOD" missed="1" covered="0"/></method><method name="getJiraBaseUrl" desc="()Ljava/lang/String;" line="225"><counter type="INSTRUCTION" missed="0" covered="3"/><counter type="LINE" missed="0" covered="1"/><counter type="COMPLEXITY" missed="0" covered="1"/><counter type="METHOD" missed="0" covered="1"/></method><method name="setJiraBaseUrl" desc="(Ljava/lang/String;)V" line="229"><counter type="INSTRUCTION" missed="0" covered="4"/><counter type="LINE" missed="0" covered="2"/><counter type="COMPLEXITY" missed="0" covered="1"/><counter type="METHOD" missed="0" covered="1"/></method><method name="getJiraQueryEndpoint" desc="()Ljava/lang/String;" line="233"><counter type="INSTRUCTION" missed="3" covered="0"/><counter type="LINE" missed="1" covered="0"/><counter type="COMPLEXITY" missed="1" covered="0"/><counter type="METHOD" missed="1" covered="0"/></method><method name="setJiraQueryEndpoint" desc="(Ljava/lang/String;)V" line="237"><counter type="INSTRUCTION" missed="0" covered="4"/><counter type="LINE" missed="0" covered="2"/><counter type="COMPLEXITY" missed="0" covered="1"/><counter type="METHOD" missed="0" covered="1"/></method><method name="getJiraCredentials" desc="()Ljava/lang/String;" line="241"><counter type="INSTRUCTION" missed="3" covered="0"/><counter type="LINE" missed="1" covered="0"/><counter type="COMPLEXITY" missed="1" covered="0"/><counter type="METHOD" missed="1" covered="0"/></method><method name="setJiraCredentials" desc="(Ljava/lang/String;)V" line="245"><counter type="INSTRUCTION" missed="4" covered="0"/><counter type="LINE" missed="2" covered="0"/><counter type="COMPLEXITY" missed="1" covered="0"/><counter type="METHOD" missed="1" covered="0"/></method><method name="getJiraOauthAuthtoken" desc="()Ljava/lang/String;" line="249"><counter type="INSTRUCTION" missed="3" covered="0"/><counter type="LINE" missed="1" covered="0"/><counter type="COMPLEXITY" missed="1" covered="0"/><counter type="METHOD" missed="1" covered="0"/></method><method name="setJiraOauthAuthtoken" desc="(Ljava/lang/String;)V" line="253"><counter type="INSTRUCTION" missed="4" covered="0"/><counter type="LINE" missed="2" covered="0"/><counter type="COMPLEXITY" missed="1" covered="0"/><counter type="METHOD" missed="1" covered="0"/></method><method name="getJiraOauthRefreshtoken" desc="()Ljava/lang/String;" line="257"><counter type="INSTRUCTION" missed="3" covered="0"/><counter type="LINE" missed="1" covered="0"/><counter type="COMPLEXITY" missed="1" covered="0"/><counter type="METHOD" missed="1" covered="0"/></method><method name="setJiraOauthRefreshtoken" desc="(Ljava/lang/String;)V" line="261"><counter type="INSTRUCTION" missed="4" covered="0"/><counter type="LINE" missed="2" covered="0"/><counter type="COMPLEXITY" missed="1" covered="0"/><counter type="METHOD" missed="1" covered="0"/></method><method name="getJiraOauthRedirecturi" desc="()Ljava/lang/String;" line="265"><counter type="INSTRUCTION" missed="3" covered="0"/><counter type="LINE" missed="1" covered="0"/><counter type="COMPLEXITY" missed="1" covered="0"/><counter type="METHOD" missed="1" covered="0"/></method><
[...]
/><line nr="101" mi="0" ci="2" mb="1" cb="1"/><line nr="102" mi="2" ci="0" mb="0" cb="0"/><line nr="103" mi="0" ci="2" mb="0" cb="0"/><line nr="106" mi="0" ci="7" mb="0" cb="0"/><line nr="107" mi="1" ci="0" mb="0" cb="0"/><line nr="108" mi="11" ci="0" mb="0" cb="0"/><line nr="109" mi="0" ci="1" mb="0" cb="0"/><line nr="110" mi="0" ci="2" mb="0" cb="0"/><line nr="114" mi="2" ci="0" mb="2" cb="0"/><line nr="115" mi="2" ci="0" mb="0" cb="0"/><line nr="116" mi="2" ci="0" mb="0" cb="0"/><line nr="119" mi="7" ci="0" mb="0" cb="0"/><line nr="120" mi="1" ci="0" mb="0" cb="0"/><line nr="121" mi="11" ci="0" mb="0" cb="0"/><line nr="122" mi="1" ci="0" mb="0" cb="0"/><line nr="124" mi="2" ci="0" mb="0" cb="0"/><line nr="128" mi="0" ci="5" mb="0" cb="0"/><line nr="129" mi="0" ci="4" mb="0" cb="0"/><line nr="130" mi="0" ci="2" mb="0" cb="0"/><line nr="134" mi="9" ci="0" mb="0" cb="0"/><line nr="138" mi="2" ci="0" mb="0" cb="0"/><line nr="139" mi="3" ci="0" mb="0" cb="0"/><line nr="140" mi="6" ci="0" mb="0" cb="0"/><line nr="141" mi="3" ci="0" mb="0" cb="0"/><line nr="142" mi="2" ci="0" mb="0" cb="0"/><line nr="146" mi="0" ci="2" mb="0" cb="0"/><line nr="147" mi="0" ci="3" mb="0" cb="0"/><line nr="148" mi="0" ci="6" mb="0" cb="0"/><line nr="149" mi="0" ci="3" mb="0" cb="0"/><line nr="150" mi="0" ci="2" mb="0" cb="0"/><counter type="INSTRUCTION" missed="200" covered="59"/><counter type="BRANCH" missed="12" covered="2"/><counter type="LINE" missed="53" covered="18"/><counter type="COMPLEXITY" missed="19" covered="4"/><counter type="METHOD" missed="12" covered="4"/><counter type="CLASS" missed="0" covered="1"/></sourcefile><sourcefile name="ClientUtil.java"><line nr="49" mi="0" ci="3" mb="0" cb="0"/><line nr="51" mi="0" ci="5" mb="0" cb="0"/><line nr="59" mi="0" ci="2" mb="0" cb="0"/><line nr="61" mi="0" ci="1" mb="0" cb="0"/><line nr="75" mi="0" ci="2" mb="0" cb="2"/><line nr="76" mi="0" ci="2" mb="0" cb="0"/><line nr="78" mi="0" ci="3" mb="0" cb="0"/><line nr="81" mi="0" ci="3" mb="0" cb="0"/><line nr="83" mi="0" ci="4" mb="0" cb="2"/><line nr="84" mi="0" ci="2" mb="0" cb="0"/><line nr="86" mi="0" ci="3" mb="0" cb="2"/><line nr="87" mi="0" ci="2" mb="0" cb="0"/><line nr="89" mi="0" ci="4" mb="0" cb="0"/><line nr="90" mi="0" ci="5" mb="0" cb="0"/><line nr="91" mi="0" ci="6" mb="0" cb="0"/><line nr="92" mi="1" ci="0" mb="0" cb="0"/><line nr="93" mi="2" ci="0" mb="0" cb="0"/><line nr="107" mi="0" ci="5" mb="0" cb="4"/><line nr="109" mi="0" ci="4" mb="0" cb="0"/><line nr="111" mi="0" ci="11" mb="0" cb="0"/><line nr="112" mi="1" ci="0" mb="0" cb="0"/><line nr="113" mi="10" ci="0" mb="0" cb="0"/><line nr="114" mi="4" ci="0" mb="0" cb="0"/><line nr="118" mi="0" ci="2" mb="0" cb="0"/><line nr="130" mi="0" ci="4" mb="0" cb="0"/><line nr="132" mi="0" ci="5" mb="0" cb="4"/><line nr="133" mi="0" ci="3" mb="0" cb="0"/><line nr="134" mi="0" ci="3" mb="0" cb="2"/><line nr="135" mi="0" ci="8" mb="0" cb="0"/><line nr="139" mi="0" ci="2" mb="0" cb="0"/><line nr="154" mi="0" ci="2" mb="0" cb="0"/><line nr="156" mi="0" ci="5" mb="1" cb="3"/><line nr="157" mi="0" ci="5" mb="0" cb="0"/><line nr="159" mi="0" ci="5" mb="0" cb="0"/><line nr="160" mi="0" ci="1" mb="0" cb="0"/><line nr="161" mi="0" ci="4" mb="0" cb="0"/><line nr="162" mi="0" ci="2" mb="0" cb="0"/><line nr="164" mi="0" ci="2" mb="0" cb="0"/><line nr="167" mi="0" ci="2" mb="0" cb="0"/><line nr="181" mi="0" ci="4" mb="0" cb="0"/><line nr="183" mi="0" ci="2" mb="0" cb="0"/><line nr="184" mi="0" ci="2" mb="0" cb="0"/><line nr="186" mi="0" ci="5" mb="1" cb="3"/><line nr="187" mi="0" ci="6" mb="0" cb="0"/><line nr="188" mi="0" ci="5" mb="0" cb="0"/><line nr="189" mi="0" ci="5" mb="0" cb="0"/><line nr="190" mi="0" ci="5" mb="0" cb="0"/><line nr="191" mi="0" ci="3" mb="0" cb="0"/><line nr="193" mi="0" ci="5" mb="0" cb="0"/><line nr="194" mi="0" ci="5" mb="2" cb="2"/><line nr="195" mi="0" ci="3" mb="0" cb="0"/><line nr="196" mi="0" ci="3" mb="0" cb="2"/><line nr="197" mi="0" ci="4" mb="0" cb="0"/><line nr="198" mi="0" ci="5" mb="0" cb="0"/><line nr="199" mi="0" ci="4" mb="0" cb="0"/><line nr="200" mi="0" ci="2" mb="0" cb="0"/><line nr="202" mi="0" ci="4" mb="1" cb="1"/><line nr="203" mi="0" ci="4" mb="0" cb="0"/><line nr="206" mi="0" ci="4" mb="0" cb="2"/><line nr="207" mi="0" ci="2" mb="0" cb="0"/><line nr="209" mi="0" ci="5" mb="0" cb="0"/><line nr="210" mi="0" ci="1" mb="0" cb="0"/><line nr="212" mi="0" ci="1" mb="0" cb="0"/><line nr="213" mi="0" ci="2" mb="0" cb="0"/><line nr="216" mi="0" ci="2" mb="0" cb="0"/><line nr="229" mi="7" ci="0" mb="0" cb="0"/><line nr="230" mi="3" ci="0" mb="0" cb="0"/><line nr="231" mi="4" ci="0" mb="0" cb="0"/><line nr="233" mi="5" ci="0" mb="4" cb="0"/><line nr="235" mi="3" ci="0" mb="0" cb="0"/><line nr="236" mi="3" ci="0" mb="0" cb="0"/><line nr="237" mi="3" ci="0" mb="2" cb="0"/><line nr="238" mi="4" ci="0" mb="0" cb="0"/><line nr="239" mi="4" ci="0" mb="0" cb="0"/><line nr="241" mi="3" ci="0" mb="2" cb="0"/><line nr="243" mi="5" ci="0" mb="0" cb="0"/><line nr="244" mi="1" ci="0" mb="0" cb="0"/><line nr="245" mi="4" ci="0" mb="0" cb="0"/><line nr="246" mi="2" ci="0" mb="0" cb="0"/><line nr="247" mi="3" ci="0" mb="2" cb="0"/><line nr="248" mi="5" ci="0" mb="0" cb="0"/><line nr="250" mi="5" ci="0" mb="0" cb="0"/><line nr="251" mi="1" ci="0" mb="0" cb="0"/><line nr="254" mi="2" ci="0" mb="0" cb="0"/><line nr="265" mi="0" ci="4" mb="0" cb="0"/><line nr="267" mi="0" ci="3" mb="1" cb="1"/><line nr="268" mi="10" ci="0" mb="2" cb="0"/><line nr="269" mi="7" ci="0" mb="2" cb="0"/><line nr="271" mi="4" ci="0" mb="0" cb="0"/><line nr="273" mi="4" ci="0" mb="0" cb="0"/><line nr="274" mi="2" ci="0" mb="0" cb="0"/><line nr="275" mi="0" ci="3" mb="1" cb="1"/><line nr="276" mi="0" ci="3" mb="0" cb="0"/><line nr="277" mi="0" ci="8" mb="0" cb="2"/><line nr="280" mi="0" ci="4" mb="0" cb="0"/><line nr="281" mi="1" ci="0" mb="0" cb="0"/><line nr="282" mi="6" ci="0" mb="0" cb="0"/><line nr="283" mi="0" ci="1" mb="0" cb="0"/><line nr="285" mi="1" ci="6" mb="1" cb="1"/><line nr="287" mi="0" ci="4" mb="0" cb="0"/><line nr="289" mi="0" ci="4" mb="0" cb="0"/><line nr="293" mi="0" ci="2" mb="0" cb="0"/><line nr="298" mi="0" ci="4" mb="0" cb="0"/><line nr="300" mi="0" ci="6" mb="2" cb="2"/><line nr="301" mi="0" ci="12" mb="0" cb="0"/><line nr="302" mi="0" ci="4" mb="0" cb="0"/><line nr="304" mi="0" ci="16" mb="0" cb="2"/><line nr="305" mi="0" ci="4" mb="0" cb="0"/><line nr="308" mi="0" ci="2" mb="1" cb="1"/><line nr="309" mi="0" ci="15" mb="0" cb="2"/><line nr="310" mi="2" ci="14" mb="1" cb="1"/><line nr="312" mi="0" ci="4" mb="1" cb="1"/><line nr="313" mi="2" ci="0" mb="0" cb="0"/><line nr="316" mi="0" ci="4" mb="0" cb="2"/><line nr="317" mi="0" ci="5" mb="0" cb="0"/><line nr="318" mi="0" ci="4" mb="0" cb="2"/><line nr="320" mi="0" ci="4" mb="0" cb="0"/><line nr="321" mi="1" ci="0" mb="0" cb="0"/><line nr="322" mi="14" ci="0" mb="0" cb="0"/><line nr="323" mi="1" ci="1" mb="0" cb="0"/><line nr="324" mi="0" ci="4" mb="0" cb="2"/><line nr="325" mi="0" ci="4" mb="0" cb="0"/><line nr="326" mi="0" ci="4" mb="0" cb="2"/><line nr="327" mi="0" ci="4" mb="0" cb="0"/><line nr="328" mi="0" ci="4" mb="0" cb="2"/><line nr="329" mi="0" ci="4" mb="0" cb="0"/><line nr="330" mi="0" ci="4" mb="0" cb="2"/><line nr="331" mi="0" ci="4" mb="0" cb="0"/><line nr="332" mi="0" ci="4" mb="0" cb="2"/><line nr="333" mi="0" ci="4" mb="0" cb="0"/><line nr="334" mi="0" ci="4" mb="1" cb="1"/><line nr="335" mi="0" ci="5" mb="0" cb="0"/><line nr="339" mi="0" ci="1" mb="0" cb="0"/><line nr="340" mi="13" ci="0" mb="0" cb="0"/><line nr="343" mi="0" ci="2" mb="0" cb="0"/><line nr="355" mi="4" ci="0" mb="0" cb="0"/><line nr="356" mi="8" ci="0" mb="2" cb="0"/><line nr="357" mi="4" ci="0" mb="0" cb="0"/><line nr="358" mi="3" ci="0" mb="2" cb="0"/><line nr="359" mi="6" ci="0" mb="0" cb="0"/><line nr="362" mi="3" ci="0" mb="2" cb="0"/><line nr="363" mi="5" ci="0" mb="0" cb="0"/><line nr="365" mi="4" ci="0" mb="0" cb="0"/><line nr="367" mi="2" ci="0" mb="0" cb="0"/><line nr="379" mi="0" ci="2" mb="0" cb="0"/><line nr="380" mi="0" ci="2" mb="0" cb="0"/><line nr="381" mi="0" ci="2" mb="0" cb="0"/><line nr="382" mi="0" ci="9" mb="1" cb="5"/><line nr="383" mi="0" ci="4" mb="0" cb="0"/><line nr="384" mi="0" ci="9" mb="0" cb="0"/><line nr="386" mi="0" ci="2" mb="0" cb="0"/><line nr="389" mi="0" ci="2" mb="0" cb="0"/><line nr="393" mi="0" ci="2" mb="0" cb="0"/><counter type="INSTRUCTION" missed="192" covered="442"/><counter type="BRANCH" missed="35" covered="63"/><counter type="LINE" missed="44" covered="109"/><counter type="COMPLEXITY" missed="27" covered="35"/><counter type="METHOD" missed="2" covered="11"/><counter type="CLASS" missed="0" covered="1"/></sourcefile><sourcefile name="FeatureSettings.java"><line nr="29" mi="0" ci="3" mb="0" cb="0"/><line nr="97" mi="3" ci="0" mb="0" cb="0"/><line nr="101" mi="3" ci="0" mb="0" cb="0"/><line nr="102" mi="1" ci="0" mb="0" cb="0"/><line nr="105" mi="0" ci="3" mb="0" cb="0"/><line nr="109" mi="0" ci="3" mb="0" cb="0"/><line nr="110" mi="0" ci="1" mb="0" cb="0"/><line nr="113" mi="0" ci="3" mb="0" cb="0"/><line nr="117" mi="0" ci="3" mb="0" cb="0"/><line nr="118" mi="0" ci="1" mb="0" cb="0"/><line nr="121" mi="3" ci="0" mb="0" cb="0"/><line nr="122" mi="1" ci="0" mb="0" cb="0"/><line nr="125" mi="3" ci="0" mb="0" cb="0"/><line nr="129" mi="3" ci="0" mb="0" cb="0"/><line nr="133" mi="3" ci="0" mb="0" cb="0"/><line nr="134" mi="1" ci="0" mb="0" cb="0"/><line nr="137" mi="3" ci="0" mb="0" cb="0"/><line nr="141" mi="3" ci="0" mb="0" cb="0"/><line nr="142" mi="1" ci="0" mb="0" cb="0"/><line nr="145" mi="3" ci="0" mb="0" cb="0"/><line nr="149" mi="3" ci="0" mb="0" cb="0"/><line nr="150" mi="1" ci="0" mb="0" cb="0"/><line nr="153" mi="3" ci="0" mb="0" cb="0"/><line nr="157" mi="3" ci="0" mb="0" cb="0"/><line nr="158" mi="1" ci="0" mb="0" cb="0"/><line nr="161" mi="3" ci="0" mb="0" cb="0"/><line nr="165" mi="3" ci="0" mb="0" cb="0"/><line nr="166" mi="1" ci="0" mb="0" cb="0"/><line nr="169" mi="3" ci="0" mb="0" cb="0"/><line nr="173" mi="3" ci="0" mb="0" cb="0"/><line nr="174" mi="1" ci="0" mb="0" cb="0"/><line nr="177" mi="3" ci="0" mb="0" cb="0"/><line nr="181" mi="3" ci="0" mb="0" cb="0"/><line nr="182" mi="1" ci="0" mb="0" cb="0"/><line nr="185" mi="3" ci="0" mb="0" cb="0"/><line nr="189" mi="3" ci="0" mb="0" cb="0"/><line nr="190" mi="1" ci="0" mb="0" cb="0"/><line nr="193" mi="3" ci="0" mb="0" cb="0"/><line nr="197" mi="3" ci="0" mb="0" cb="0"/><line nr="198" mi="1" ci="0" mb="0" cb="0"/><line nr="201" mi="3" ci="0" mb="0" cb="0"/><line nr="205" mi="3" ci="0" mb="0" cb="0"/><line nr="206" mi="1" ci="0" mb="0" cb="0"/><line nr="209" mi="3" ci="0" mb="0" cb="0"/><line nr="213" mi="3" ci="0" mb="0" cb="0"/><line nr="214" mi="1" ci="0" mb="0" cb="0"/><line nr="217" mi="0" ci="3" mb="0" cb="0"/><line nr="221" mi="3" ci="0" mb="0" cb="0"/><line nr="222" mi="1" ci="0" mb="0" cb="0"/><line nr="225" mi="0" ci="3" mb="0" cb="0"/><line nr="229" mi="0" ci="3" mb="0" cb="0"/><line nr="230" mi="0" ci="1" mb="0" cb="0"/><line nr="233" mi="3" ci="0" mb="0" cb="0"/><line nr="237" mi="0" ci="3" mb="0" cb="0"/><line nr="238" mi="0" ci="1" mb="0" cb="0"/><line nr="241" mi="3" ci="0" mb="0" cb="0"/><line nr="245" mi="3" ci="0" mb="0" cb="0"/><line nr="246" mi="1" ci="0" mb="0" cb="0"/><line nr="249" mi="3" ci="0" mb="0" cb="0"/><line nr="253" mi="3" ci="0" mb="0" cb="0"/><line nr="254" mi="1" ci="0" mb="0" cb="0"/><line nr="257" mi="3" ci="0" mb="0" cb="0"/><line nr="261" mi="3" ci="0" mb="0" cb="0"/><line nr="262" mi="1" ci="0" mb="0" cb="0"/><line nr="265" mi="3" ci="0" mb="0" cb="0"/><line nr="269" mi="3" ci="0" mb="0" cb="0"/><line nr="270" mi="1" ci="0" mb="0" cb="0"/><line nr="273" mi="3" ci="0" mb="0" cb="0"/><line nr="277" mi="3" ci="0" mb="0" cb="0"/><line nr="278" mi="1" ci="0" mb="0" cb="0"/><line nr="281" mi="3" ci="0" mb="0" cb="0"/><line nr="285" mi="3" ci="0" mb="0" cb="0"/><line nr="286" mi="1" ci="0" mb="0" cb="0"/><line nr="289" mi="3" ci="0" mb="0" cb="0"/><line nr="293" mi="3" ci="0" mb="0" cb="0"/><line nr="294" mi="1" ci="0" mb="0" cb="0"/><line nr="297" mi="0" ci="3" mb="0" cb="0"/><line nr="301" mi="0" ci="3" mb="0" cb="0"/><line nr="302" mi="0" ci="1" mb="0" cb="0"/><line nr="305" mi="0" ci="3" mb="0" cb="0"/><line nr="309" mi="0" ci="3" mb="0" cb="0"/><line nr="310" mi="0" ci="1" mb="0" cb="0"/><line nr="313" mi="0" ci="3" mb="0" cb="0"/><line nr="317" mi="0" ci="3" mb="0" cb="0"/><line nr="318" mi="0" ci="1" mb="0" cb="0"/><line nr="321" mi="0" ci="3" mb="0" cb="0"/><line nr="325" mi="0" ci="3" mb="0" cb="0"/><line nr="326" mi="0" ci="1" mb="0" cb="0"/><line nr="329" mi="0" ci="3" mb="0" cb="0"/><line nr="333" mi="0" ci="3" mb="0" cb="0"/><line nr="334" mi="0" ci="1" mb="0" cb="0"/><line nr="337" mi="3" ci="0" mb="0" cb="0"/><line nr="341" mi="3" ci="0" mb="0" cb="0"/><line nr="342" mi="1" ci="0" mb="0" cb="0"/><counter type="INSTRUCTION" missed="154" covered="66"/><counter type="LINE" missed="66" covered="28"/><counter type="COMPLEXITY" missed="44" covered="19"/><counter type="METHOD" missed="44" covered="19"/><counter type="CLASS" missed="0" covered="1"/></sourcefile><sourcefile name="FeatureWidgetQueries.java"><line nr="30" mi="2" ci="0" mb="0" cb="0"/><line nr="31" mi="9" ci="0" mb="0" cb="0"/><line nr="32" mi="1" ci="0" mb="0" cb="0"/><line nr="46" mi="5" ci="0" mb="0" cb="0"/><line nr="47" mi="5" ci="0" mb="0" cb="0"/><line nr="48" mi="3" ci="0" mb="0" cb="0"/><line nr="50" mi="2" ci="0" mb="0" cb="0"/><line nr="62" mi="5" ci="0" mb="0" cb="0"/><line nr="63" mi="3" ci="0" mb="0" cb="0"/><line nr="65" mi="2" ci="0" mb="0" cb="0"/><line nr="79" mi="5" ci="0" mb="0" cb="0"/><line nr="80" mi="5" ci="0" mb="0" cb="0"/><line nr="81" mi="3" ci="0" mb="0" cb="0"/><line nr="83" mi="2" ci="0" mb="0" cb="0"/><line nr="87" mi="5" ci="0" mb="0" cb="0"/><line nr="88" mi="5" ci="0" mb="0" cb="0"/><line nr="89" mi="3" ci="0" mb="0" cb="0"/><line nr="91" mi="2" ci="0" mb="0" cb="0"/><line nr="109" mi="5" ci="0" mb="0" cb="0"/><line nr="110" mi="5" ci="0" mb="0" cb="0"/><line nr="111" mi="4" ci="0" mb="0" cb="0"/><line nr="112" mi="8" ci="0" mb="2" cb="0"/><line nr="113" mi="15" ci="0" mb="0" cb="0"/><line nr="115" mi="7" ci="0" mb="0" cb="0"/><line nr="116" mi="3" ci="0" mb="0" cb="0"/><line nr="118" mi="2" ci="0" mb="0" cb="0"/><counter type="INSTRUCTION" missed="116" covered="0"/><counter type="BRANCH" missed="2" covered="0"/><counter type="LINE" missed="26" covered="0"/><counter type="COMPLEXITY" missed="7" covered="0"/><counter type="METHOD" missed="6" covered="0"/><counter type="CLASS" missed="1" covered="0"/></sourcefile><counter type="INSTRUCTION" missed="662" covered="567"/><counter type="BRANCH" missed="49" covered="65"/><counter type="LINE" missed="189" covered="155"/><counter type="COMPLEXITY" missed="97" covered="58"/><counter type="METHOD" missed="64" covered="34"/><counter type="CLASS" missed="1" covered="3"/></package><package name="com/capitalone/dashboard/client/team"><class name="com/capitalone/dashboard/client/team/TeamDataClientImpl"><method name="&lt;init&gt;" desc="(Lcom/capitalone/dashboard/repository/FeatureCollectorRepository;Lcom/capitalone/dashboard/util/FeatureSettings;Lcom/capitalone/dashboard/repository/TeamRepository;Lcom/capitalone/dashboard/client/JiraClient;)V" line="41"><counter type="INSTRUCTION" missed="3" covered="18"/><counter type="BRANCH" missed="1" covered="1"/><counter type="LINE" missed="1" covered="7"/><counter type="COMPLEXITY" missed="1" covered="1"/><counter type="METHOD" missed="0" covered="1"/></method><method name="updateTeamInformation" desc="()I" line="57"><counter type="INSTRUCTION" missed="12" covered="28"/><counter type="BRANCH" missed="4" covered="2"/><counter type="LINE" missed="1" covered="9"/><counter type="COMPLEXITY" missed="3" covered="1"/><counter type="METHOD" missed="0" covered="1"/></method><method name="updateMongoInfo" desc="(Ljava/util/List;)V" line="83"><counter type="INSTRUCTION" missed="0" covered="63"/><counter type="BRANCH" missed="1" covered="3"/><counter type="LINE" missed="0" covered="16"/><counter type="COMPLEXITY" missed="1" covered="2"/><counter type="METHOD" missed="0" covered="1"/></method><method name="getMaxChangeDate" desc="()Ljava/lang/String;" line="129"><counter type="INSTRUCTION" missed="33" covered="0"/><counter type="BRANCH" missed="4" covered="0"/><counter type="LINE" missed="10" covered="0"/><counter type="COMPLEXITY" missed="3" covered="0"/><counter type="METHOD" missed="1" covered="0"/></method><method name="&lt;clinit&gt;" desc="()V" line="28"><counter type="INSTRUCTION" missed="0" covered="4"/><counter type="LINE" missed="0" covered="1"/><counter type="COMPLEXITY" missed="0" covered="1"/><counter type="METHOD" missed="0" covered="1"/></method><counter type="INSTRUCTION" missed="48" covered="113"/><counter type="BRANCH" missed="10" covered="6"/><counter type="LINE" missed="12" covered="33"/><counter type="COMPLEXITY" missed="8" covered="5"/><counter type="METHOD" missed="1" covered="4"/><counter type="CLASS" missed="0" covered="1"/></class><sourcefile name="TeamDataClientImpl.java"><line nr="28" mi="0" ci="4" mb="0" cb="0"/><line nr="41" mi="0" ci="2" mb="0" cb="0"/><line nr="42" mi="0" ci="3" mb="1" cb="1"/><line nr="43" mi="3" ci="0" mb="0" cb="0"/><line nr="46" mi="0" ci="3" mb="0" cb="0"/><line nr="47" mi="0" ci="3" mb="0" cb="0"/><line nr="48" mi="0" ci="3" mb="0" cb="0"/><line nr="49" mi="0" ci="3" mb="0" cb="0"/><line nr="50" mi="0" ci="1" mb="0" cb="0"/><line nr="57" mi="0" ci="2" mb="0" cb="0"/><line nr="59" mi="0" ci="2" mb="0" cb="0"/><line nr="60" mi="0" ci="4" mb="0" cb="0"/><line nr="61" mi="3" ci="3" mb="3" cb="1"/><line nr="62" mi="9" ci="0" mb="0" cb="0"/><line nr="64" mi="0" ci="4" mb="0" cb="0"/><line nr="67" mi="0" ci="3" mb="1" cb="1"/><line nr="68" mi="0" ci="3" mb="0" cb="0"/><line nr="69" mi="0" ci="5" mb="0" cb="0"/><line nr="72" mi="0" ci="2" mb="0" cb="0"/><line nr="83" mi="0" ci="7" mb="0" cb="0"/><line nr="85" mi="0" ci="10" mb="0" cb="2"/><line nr="86" mi="0" ci="3" mb="0" cb="0"/><line nr="91" mi="0" ci="5" mb="0" cb="0"/><line nr="93" mi="0" ci="2" mb="1" cb="1"/><line nr="94" mi="0" ci="6" mb="0" cb="0"/><line nr="98" mi="0" ci="3" mb="0" cb="0"/><line nr="101" mi="0" ci="3" mb="0" cb="0"/><line nr="104" mi="0" ci="4" mb="0" cb="0"/><line nr="107" mi="0" ci="4" mb="0" cb="0"/><line nr="110" mi="0" ci="3" mb="0" cb="0"/><line nr="113" mi="0" ci="3" mb="0" cb="0"/><line nr="116" mi="0" ci="3" mb="0" cb="0"/><line nr="119" mi="0" ci="5" mb="0" cb="0"/><line nr="120" mi="0" ci="1" mb="0" cb="0"/><line nr="121" mi="0" ci="1" mb="0" cb="0"/><line nr="129" mi="2" ci="0" mb="0" cb="0"/><line nr="132" mi="7" ci="0" mb="0" cb="0"/><line nr="133" mi="5" ci="0" mb="0" cb="0"/><line nr="134" mi="1" ci="0" mb="0" cb="0"/><line nr="135" mi="5" ci="0" mb="4" cb="0"/><line nr="136" mi="6" ci="0" mb="0" cb="0"/><line nr="138" mi="1" ci="0" mb="0" cb="0"/><line nr="139" mi="3" ci="0" mb="0" cb="0"/><line nr="141" mi="1" ci="0" mb="0" cb="0"/><line nr="143" mi="2" ci="0" mb="0" cb="0"/><counter type="INSTRUCTION" missed="48" covered="113"/><counter type="BRANCH" missed="10" covered="6"/><counter type="LINE" missed="12" covered="33"/><counter type="COMPLEXITY" missed="8" covered="5"/><counter type="METHOD" missed="1" covered="4"/><counter type="CLASS" missed="0" covered="1"/></sourcefile><counter type="INSTRUCTION" missed="48" covered="113"/><counter type="BRANCH" missed="10" covered="6"/><counter type="LINE" missed="12" covered="33"/><counter type="COMPLEXITY" missed="8" covered="5"/><counter type="METHOD" missed="1" covered="4"/><counter type="CLASS" missed="0" covered="1"/></package><counter type="INSTRUCTION" missed="3139" covered="2083"/><counter type="BRANCH" missed="305" covered="173"/><counter type="LINE" missed="648" covered="525"/><counter type="COMPLEXITY" missed="298" covered="120"/><counter type="METHOD" missed="99" covered="80"/><counter type="CLASS" missed="9" covered="9"/></report>